\BOOKMARK [0][]{chapter.1}{\376\377\0001\000\040\000P\000e\000n\000g\000a\000n\000t\000a\000r\000\040\000k\000o\000m\000u\000n\000i\000k\000a\000s\000i\000\040\000D\000a\000t\000a}{}% 1
\BOOKMARK [1][]{section.1.1}{\376\377\0001\000.\0001\000\040\000K\000o\000m\000u\000n\000i\000k\000a\000s\000i\000\040\000D\000a\000t\000a}{chapter.1}% 2
\BOOKMARK [1][]{section.1.2}{\376\377\0001\000.\0002\000\040\000J\000a\000r\000i\000n\000g\000a\000n}{chapter.1}% 3
\BOOKMARK [1][]{section.1.3}{\376\377\0001\000.\0003\000\040\000I\000n\000t\000e\000r\000n\000e\000t}{chapter.1}% 4
\BOOKMARK [1][]{section.1.4}{\376\377\0001\000.\0004\000\040\000P\000r\000o\000t\000o\000k\000o\000l\000\040\000d\000a\000n\000\040\000S\000t\000a\000n\000d\000a\000r\000d}{chapter.1}% 5
\BOOKMARK [1][]{section.1.5}{\376\377\0001\000.\0005\000\040\000R\000i\000n\000g\000k\000a\000s\000a\000n}{chapter.1}% 6
\BOOKMARK [1][]{section.1.6}{\376\377\0001\000.\0006\000\040\000L\000a\000t\000i\000h\000a\000n}{chapter.1}% 7
\BOOKMARK [0][]{chapter.2}{\376\377\0002\000\040\000M\000o\000d\000e\000l\000\040\000J\000a\000r\000i\000n\000g\000a\000n}{}% 8
\BOOKMARK [1][]{section.2.1}{\376\377\0002\000.\0001\000\040\000T\000u\000g\000a\000s\000\040\000L\000a\000y\000e\000r}{chapter.2}% 9
\BOOKMARK [1][]{section.2.2}{\376\377\0002\000.\0002\000\040\000M\000o\000d\000e\000l\000\040\000O\000S\000I}{chapter.2}% 10
\BOOKMARK [1][]{section.2.3}{\376\377\0002\000.\0003\000\040\000L\000a\000y\000e\000r\000-\000l\000a\000y\000e\000r\000\040\000M\000o\000d\000e\000l\000\040\000O\000S\000I}{chapter.2}% 11
\BOOKMARK [1][]{section.2.4}{\376\377\0002\000.\0004\000\040\000P\000r\000o\000t\000o\000k\000o\000l\000\040\000T\000C\000P\000/\000I\000P}{chapter.2}% 12
\BOOKMARK [1][]{section.2.5}{\376\377\0002\000.\0005\000\040\000A\000d\000d\000r\000e\000s\000s\000i\000n\000g}{chapter.2}% 13
\BOOKMARK [1][]{section.2.6}{\376\377\0002\000.\0006\000\040\000R\000i\000n\000g\000k\000a\000s\000a\000n}{chapter.2}% 14
\BOOKMARK [1][]{section.2.7}{\376\377\0002\000.\0007\000\040\000L\000a\000t\000i\000h\000a\000n}{chapter.2}% 15
\BOOKMARK [0][]{chapter.3}{\376\377\0003\000\040\000D\000a\000t\000a\000\040\000d\000a\000n\000\040\000S\000i\000n\000y\000a\000l}{}% 16
\BOOKMARK [1][]{section.3.1}{\376\377\0003\000.\0001\000\040\000A\000n\000a\000l\000o\000g\000\040\000d\000a\000n\000\040\000D\000i\000g\000i\000t\000a\000l}{chapter.3}% 17
\BOOKMARK [1][]{section.3.2}{\376\377\0003\000.\0002\000\040\000S\000i\000n\000y\000a\000l\000\040\000A\000n\000a\000l\000o\000g\000\040\000P\000e\000r\000i\000o\000d\000i\000k}{chapter.3}% 18
\BOOKMARK [1][]{section.3.3}{\376\377\0003\000.\0003\000\040\000S\000i\000n\000y\000a\000l\000\040\000D\000i\000g\000i\000t\000a\000l}{chapter.3}% 19
\BOOKMARK [1][]{section.3.4}{\376\377\0003\000.\0004\000\040\000G\000a\000n\000g\000g\000u\000a\000n\000\040\000T\000r\000a\000n\000s\000m\000i\000s\000i}{chapter.3}% 20
\BOOKMARK [1][]{section.3.5}{\376\377\0003\000.\0005\000\040\000B\000a\000t\000a\000s\000\040\000K\000e\000c\000e\000p\000a\000t\000a\000n\000\040\000D\000a\000t\000a}{chapter.3}% 21
\BOOKMARK [1][]{section.3.6}{\376\377\0003\000.\0006\000\040\000P\000e\000r\000f\000o\000r\000m\000a}{chapter.3}% 22
\BOOKMARK [1][]{section.3.7}{\376\377\0003\000.\0007\000\040\000R\000i\000n\000g\000k\000a\000s\000a\000n}{chapter.3}% 23
\BOOKMARK [1][]{section.3.8}{\376\377\0003\000.\0008\000\040\000L\000a\000t\000i\000h\000a\000n}{chapter.3}% 24
\BOOKMARK [0][]{chapter.4}{\376\377\0004\000\040\000T\000r\000a\000n\000s\000m\000i\000s\000i\000\040\000D\000i\000g\000i\000t\000a\000l}{}% 25
\BOOKMARK [1][]{section.4.1}{\376\377\0004\000.\0001\000\040\000K\000o\000n\000v\000e\000r\000s\000i\000\040\000D\000i\000g\000i\000t\000a\000l\000\040\000t\000o\000\040\000D\000i\000g\000i\000t\000a\000l}{chapter.4}% 26
\BOOKMARK [1][]{section.4.2}{\376\377\0004\000.\0002\000\040\000K\000o\000n\000v\000e\000r\000s\000i\000\040\000A\000n\000a\000l\000o\000g\000\040\000t\000o\000\040\000D\000i\000g\000i\000t\000a\000l}{chapter.4}% 27
\BOOKMARK [1][]{section.4.3}{\376\377\0004\000.\0003\000\040\000M\000o\000d\000e\000\040\000T\000r\000a\000n\000s\000m\000i\000s\000i}{chapter.4}% 28
\BOOKMARK [1][]{section.4.4}{\376\377\0004\000.\0004\000\040\000R\000i\000n\000g\000k\000a\000s\000a\000n}{chapter.4}% 29
\BOOKMARK [1][]{section.4.5}{\376\377\0004\000.\0005\000\040\000L\000a\000t\000i\000h\000a\000n}{chapter.4}% 30
\BOOKMARK [0][]{chapter.5}{\376\377\0005\000\040\000T\000r\000a\000n\000s\000m\000i\000s\000i\000\040\000A\000n\000a\000l\000o\000g}{}% 31
\BOOKMARK [1][]{section.5.1}{\376\377\0005\000.\0001\000\040\000K\000o\000n\000v\000e\000r\000s\000i\000\040\000D\000i\000g\000i\000t\000a\000l\000-\000t\000o\000-\000A\000n\000a\000l\000o\000g}{chapter.5}% 32
\BOOKMARK [1][]{section.5.2}{\376\377\0005\000.\0002\000\040\000K\000o\000n\000v\000e\000r\000s\000i\000\040\000A\000n\000a\000l\000o\000g\000-\000t\000o\000-\000a\000n\000a\000l\000o\000g}{chapter.5}% 33
\BOOKMARK [1][]{section.5.3}{\376\377\0005\000.\0003\000\040\000R\000i\000n\000g\000k\000a\000s\000a\000n}{chapter.5}% 34
\BOOKMARK [1][]{section.5.4}{\376\377\0005\000.\0004\000\040\000L\000a\000t\000i\000h\000a\000n}{chapter.5}% 35
\BOOKMARK [0][]{chapter.6}{\376\377\0006\000\040\000P\000e\000m\000a\000n\000f\000a\000a\000t\000a\000n\000\040\000B\000a\000n\000d\000w\000i\000d\000t\000h\000:\000\040\000M\000u\000l\000t\000i\000p\000l\000e\000x\000i\000n\000g\000\040\000d\000a\000n\000\040\000S\000p\000r\000e\000a\000d\000i\000n\000g}{}% 36
\BOOKMARK [1][]{section.6.1}{\376\377\0006\000.\0001\000\040\000M\000u\000l\000t\000i\000p\000l\000e\000x\000i\000n\000g}{chapter.6}% 37
\BOOKMARK [1][]{section.6.2}{\376\377\0006\000.\0002\000\040\000S\000p\000r\000e\000a\000d\000\040\000S\000p\000e\000c\000t\000r\000u\000m}{chapter.6}% 38
\BOOKMARK [1][]{section.6.3}{\376\377\0006\000.\0003\000\040\000R\000i\000n\000g\000k\000a\000s\000a\000n}{chapter.6}% 39
\BOOKMARK [1][]{section.6.4}{\376\377\0006\000.\0004\000\040\000L\000a\000t\000i\000h\000a\000n}{chapter.6}% 40
\BOOKMARK [0][]{chapter*.93}{\376\377\000B\000i\000b\000l\000i\000o\000g\000r\000a\000f\000i}{}% 41
