This is pdfTeX, Version 3.141592653-2.6-1.40.24 (MiKTeX 22.3) (preloaded format=pdflatex 2022.7.2)  4 JUL 2022 10:03
entering extended mode
 restricted \write18 enabled.
 file:line:error style messages enabled.
 %&-line parsing enabled.
**"d:/ITEBA/Kuliah/TK4306 Komunikasi Data/diktat/main.tex"
(d:/ITEBA/Kuliah/TK4306 Komunikasi Data/diktat/main.tex
LaTeX2e <2022-06-01> patch level 3
L3 programming layer <2022-06-16> (purakabook.cls
Document Class: purakabook 2022/05/22 v1.0 purakabook document class
(C:\Program Files\MiKTeX\tex/latex/base\book.cls
Document Class: book 2021/10/04 v1.4n Standard LaTeX document class
(C:\Program Files\MiKTeX\tex/latex/base\bk10.clo
File: bk10.clo 2021/10/04 v1.4n Standard LaTeX file (size option)
)
\c@part=\count185
\c@chapter=\count186
\c@section=\count187
\c@subsection=\count188
\c@subsubsection=\count189
\c@paragraph=\count190
\c@subparagraph=\count191
\c@figure=\count192
\c@table=\count193
\abovecaptionskip=\skip47
\belowcaptionskip=\skip48
\bibindent=\dimen138
) (C:\Program Files\MiKTeX\tex/latex/kvoptions\kvoptions.sty
Package: kvoptions 2022-06-15 v3.15 Key value format for package options (HO)
 (C:\Program Files\MiKTeX\tex/latex/graphics\keyval.sty
Package: keyval 2022/05/29 v1.15 key=value parser (DPC)
\KV@toks@=\toks16
) (C:\Program Files\MiKTeX\tex/generic/ltxcmds\ltxcmds.sty
Package: ltxcmds 2020-05-10 v1.25 LaTeX kernel commands for general use (HO)
) (C:\Program Files\MiKTeX\tex/generic/kvsetkeys\kvsetkeys.sty
Package: kvsetkeys 2019/12/15 v1.18 Key value parser (HO)
)) (C:\Program Files\MiKTeX\tex/latex/etoolbox\etoolbox.sty
Package: etoolbox 2020/10/05 v2.5k e-TeX tools for LaTeX (JAW)
\etb@tempcnta=\count194
) (C:\Program Files\MiKTeX\tex/latex/setspace\setspace.sty
Package: setspace 2011/12/19 v6.7a set line spacing
) (C:\Program Files\MiKTeX\tex/latex/csquotes\csquotes.sty
Package: csquotes 2021-02-22 v5.2l context-sensitive quotations (JAW)
\csq@reset=\count195
\csq@gtype=\count196
\csq@glevel=\count197
\csq@qlevel=\count198
\csq@maxlvl=\count199
\csq@tshold=\count266
\csq@ltx@everypar=\toks17
 (C:\Program Files\MiKTeX\tex/latex/csquotes\csquotes.def
File: csquotes.def 2021-02-22 v5.2l csquotes generic definitions (JAW)
)
Package csquotes Info: Trying to load configuration file 'csquotes.cfg'...
Package csquotes Info: ... configuration file loaded successfully.
 (C:\Program Files\MiKTeX\tex/latex/csquotes\csquotes.cfg
File: csquotes.cfg 
)
Package csquotes Info: Enabling multilingual quotes.
) (C:\Program Files\MiKTeX\tex/latex/hyperref\hyperref.sty
Package: hyperref 2022-06-20 v7.00s Hypertext links for LaTeX
 (C:\Program Files\MiKTeX\tex/generic/iftex\iftex.sty
Package: iftex 2022/02/03 v1.0f TeX engine tests
) (C:\Program Files\MiKTeX\tex/generic/pdftexcmds\pdftexcmds.sty
Package: pdftexcmds 2020-06-27 v0.33 Utility functions of pdfTeX for LuaTeX (HO)
 (C:\Program Files\MiKTeX\tex/generic/infwarerr\infwarerr.sty
Package: infwarerr 2019/12/03 v1.5 Providing info/warning/error messages (HO)
)
Package pdftexcmds Info: \pdf@primitive is available.
Package pdftexcmds Info: \pdf@ifprimitive is available.
Package pdftexcmds Info: \pdfdraftmode found.
) (C:\Program Files\MiKTeX\tex/generic/kvdefinekeys\kvdefinekeys.sty
Package: kvdefinekeys 2019-12-19 v1.6 Define keys (HO)
) (C:\Program Files\MiKTeX\tex/generic/pdfescape\pdfescape.sty
Package: pdfescape 2019/12/09 v1.15 Implements pdfTeX's escape features (HO)
) (C:\Program Files\MiKTeX\tex/latex/hycolor\hycolor.sty
Package: hycolor 2020-01-27 v1.10 Color options for hyperref/bookmark (HO)
) (C:\Program Files\MiKTeX\tex/latex/letltxmacro\letltxmacro.sty
Package: letltxmacro 2019/12/03 v1.6 Let assignment for LaTeX macros (HO)
) (C:\Program Files\MiKTeX\tex/latex/auxhook\auxhook.sty
Package: auxhook 2019-12-17 v1.6 Hooks for auxiliary files (HO)
) (C:\Program Files\MiKTeX\tex/latex/hyperref\nameref.sty
Package: nameref 2022-05-17 v2.50 Cross-referencing by name of section
 (C:\Program Files\MiKTeX\tex/latex/refcount\refcount.sty
Package: refcount 2019/12/15 v3.6 Data extraction from label references (HO)
) (C:\Program Files\MiKTeX\tex/generic/gettitlestring\gettitlestring.sty
Package: gettitlestring 2019/12/15 v1.6 Cleanup title references (HO)
)
\c@section@level=\count267
)
\@linkdim=\dimen139
\Hy@linkcounter=\count268
\Hy@pagecounter=\count269
 (C:\Program Files\MiKTeX\tex/latex/hyperref\pd1enc.def
File: pd1enc.def 2022-06-20 v7.00s Hyperref: PDFDocEncoding definition (HO)
Now handling font encoding PD1 ...
... no UTF-8 mapping file for font encoding PD1
) (C:\Program Files\MiKTeX\tex/generic/intcalc\intcalc.sty
Package: intcalc 2019/12/15 v1.3 Expandable calculations with integers (HO)
) (C:\Program Files\MiKTeX\tex/generic/etexcmds\etexcmds.sty
Package: etexcmds 2019/12/15 v1.7 Avoid name clashes with e-TeX commands (HO)
)
\Hy@SavedSpaceFactor=\count270
 (C:\Program Files\MiKTeX\tex/latex/hyperref\puenc.def
File: puenc.def 2022-06-20 v7.00s Hyperref: PDF Unicode definition (HO)
Now handling font encoding PU ...
... no UTF-8 mapping file for font encoding PU
)
Package hyperref Info: Hyper figures OFF on input line 4162.
Package hyperref Info: Link nesting OFF on input line 4167.
Package hyperref Info: Hyper index ON on input line 4170.
Package hyperref Info: Plain pages OFF on input line 4177.
Package hyperref Info: Backreferencing OFF on input line 4182.
Package hyperref Info: Implicit mode ON; LaTeX internals redefined.
Package hyperref Info: Bookmarks ON on input line 4408.
\c@Hy@tempcnt=\count271
 (C:\Program Files\MiKTeX\tex/latex/url\url.sty
\Urlmuskip=\muskip16
Package: url 2013/09/16  ver 3.4  Verb mode for urls, etc.
)
LaTeX Info: Redefining \url on input line 4746.
\XeTeXLinkMargin=\dimen140
 (C:\Program Files\MiKTeX\tex/generic/bitset\bitset.sty
Package: bitset 2019/12/09 v1.3 Handle bit-vector datatype (HO)
 (C:\Program Files\MiKTeX\tex/generic/bigintcalc\bigintcalc.sty
Package: bigintcalc 2019/12/15 v1.5 Expandable calculations on big integers (HO)
))
\Fld@menulength=\count272
\Field@Width=\dimen141
\Fld@charsize=\dimen142
Package hyperref Info: Hyper figures OFF on input line 6024.
Package hyperref Info: Link nesting OFF on input line 6029.
Package hyperref Info: Hyper index ON on input line 6032.
Package hyperref Info: backreferencing OFF on input line 6039.
Package hyperref Info: Link coloring OFF on input line 6044.
Package hyperref Info: Link coloring with OCG OFF on input line 6049.
Package hyperref Info: PDF/A mode OFF on input line 6054.
 (C:\Program Files\MiKTeX\tex/latex/base\atbegshi-ltx.sty
Package: atbegshi-ltx 2021/01/10 v1.0c Emulation of the original atbegshi
package with kernel methods
)
\Hy@abspage=\count273
\c@Item=\count274
\c@Hfootnote=\count275
)
Package hyperref Info: Driver (autodetected): hpdftex.
 (C:\Program Files\MiKTeX\tex/latex/hyperref\hpdftex.def
File: hpdftex.def 2022-06-20 v7.00s Hyperref driver for pdfTeX
 (C:\Program Files\MiKTeX\tex/latex/base\atveryend-ltx.sty
Package: atveryend-ltx 2020/08/19 v1.0a Emulation of the original atveryend package
with kernel methods
)
\Fld@listcount=\count276
\c@bookmark@seq@number=\count277
 (C:\Program Files\MiKTeX\tex/latex/rerunfilecheck\rerunfilecheck.sty
Package: rerunfilecheck 2019/12/05 v1.9 Rerun checks for auxiliary files (HO)
 (C:\Program Files\MiKTeX\tex/generic/uniquecounter\uniquecounter.sty
Package: uniquecounter 2019/12/15 v1.4 Provide unlimited unique counter (HO)
)
Package uniquecounter Info: New unique counter `rerunfilecheck' on input line 286.
)
\Hy@SectionHShift=\skip49
)
Package hyperref Info: Option `breaklinks' set `true' on input line 114.
Package hyperref Info: Option `unicode' set `true' on input line 114.
Package hyperref Info: Option `bookmarksnumbered' set `true' on input line 114.
Package hyperref Info: Option `bookmarksopen' set `true' on input line 114.
Package hyperref Info: Option `colorlinks' set `true' on input line 114.
Package hyperref Info: Option `plainpages' set `false' on input line 114.
Package hyperref Info: Option `linktocpage' set `true' on input line 114.
 (C:\Program Files\MiKTeX\tex/latex/geometry\geometry.sty
Package: geometry 2020/01/02 v5.9 Page Geometry
 (C:\Program Files\MiKTeX\tex/generic/iftex\ifvtex.sty
Package: ifvtex 2019/10/25 v1.7 ifvtex legacy package. Use iftex instead.
)
\Gm@cnth=\count278
\Gm@cntv=\count279
\c@Gm@tempcnt=\count280
\Gm@bindingoffset=\dimen143
\Gm@wd@mp=\dimen144
\Gm@odd@mp=\dimen145
\Gm@even@mp=\dimen146
\Gm@layoutwidth=\dimen147
\Gm@layoutheight=\dimen148
\Gm@layouthoffset=\dimen149
\Gm@layoutvoffset=\dimen150
\Gm@dimlist=\toks18
 (C:\Program Files\MiKTeX\tex/latex/geometry\geometry.cfg)) (C:\Program Files\MiKTeX\tex/latex/tools\indentfirst.sty
Package: indentfirst 1995/11/23 v1.03 Indent first paragraph (DPC)
) (C:\Program Files\MiKTeX\tex/latex/comment\comment.sty
\CommentStream=\write3
 Excluding comment 'comment') (C:\Program Files\MiKTeX\tex/latex/newtx\newtxtext.sty
Package: newtxtext 2022/02/28 v1.71(Michael Sharpe) latex and unicode latex support for TeXGyreTermesX
 `newtxtext' v1.71, 2022/02/28 Text macros taking advantage of TeXGyre Termes and its extensions (msharpe) (C:\Program Files\MiKTeX\tex/latex/xkeyval\xkeyval.sty
Package: xkeyval 2022/06/16 v2.9 package option processing (HA)
 (C:\Program Files\MiKTeX\tex/generic/xkeyval\xkeyval.tex (C:\Program Files\MiKTeX\tex/generic/xkeyval\xkvutils.tex
\XKV@toks=\toks19
\XKV@tempa@toks=\toks20
)
\XKV@depth=\count281
File: xkeyval.tex 2014/12/03 v2.7a key=value parser (HA)
)) (C:\Program Files\MiKTeX\tex/latex/base\textcomp.sty
Package: textcomp 2020/02/02 v2.0n Standard LaTeX package
) (C:\Program Files\MiKTeX\tex/latex/xstring\xstring.sty (C:\Program Files\MiKTeX\tex/generic/xstring\xstring.tex
\integerpart=\count282
\decimalpart=\count283
)
Package: xstring 2021/07/21 v1.84 String manipulations (CT)
) (C:\Program Files\MiKTeX\tex/latex/base\ifthen.sty
Package: ifthen 2022/04/13 v1.1d Standard LaTeX ifthen package (DPC)
) (C:\Program Files\MiKTeX\tex/latex/carlisle\scalefnt.sty)
LaTeX Font Info:    Setting ntxLF sub-encoding to TS1/0 on input line 21.
LaTeX Font Info:    Setting ntxTLF sub-encoding to TS1/0 on input line 21.
LaTeX Font Info:    Setting ntxOsF sub-encoding to TS1/0 on input line 21.
LaTeX Font Info:    Setting ntxTOsF sub-encoding to TS1/0 on input line 21.
 (C:\Program Files\MiKTeX\tex/generic/binhex\binhex.tex)
\ntx@tmpcnta=\count284
\ntx@cnt=\count285

ntx@otftextfalse
(C:\Program Files\MiKTeX\tex/latex/fontaxes\fontaxes.sty
Package: fontaxes 2020/07/21 v1.0e Font selection axes
LaTeX Info: Redefining \upshape on input line 29.
LaTeX Info: Redefining \itshape on input line 31.
LaTeX Info: Redefining \slshape on input line 33.
LaTeX Info: Redefining \swshape on input line 35.
LaTeX Info: Redefining \scshape on input line 37.
LaTeX Info: Redefining \sscshape on input line 39.
LaTeX Info: Redefining \ulcshape on input line 41.
LaTeX Info: Redefining \textsw on input line 47.
LaTeX Info: Redefining \textssc on input line 48.
LaTeX Info: Redefining \textulc on input line 49.
)
LaTeX Info: Redefining \oldstylenums on input line 657.
) (C:\Program Files\MiKTeX\tex/latex/psnfss\helvet.sty
Package: helvet 2020/03/25 PSNFSS-v9.3 (WaS) 
) (C:\Program Files\MiKTeX\tex/latex/anyfontsize\anyfontsize.sty
Package: anyfontsize 2007/11/22 anyfontsize.sty by pts
) (C:\Program Files\MiKTeX\tex/latex/xcolor\xcolor.sty
Package: xcolor 2022/06/12 v2.14 LaTeX color extensions (UK)
 (C:\Program Files\MiKTeX\tex/latex/graphics-cfg\color.cfg
File: color.cfg 2016/01/02 v1.6 sample color configuration
)
Package xcolor Info: Driver file: pdftex.def on input line 227.
 (C:\Program Files\MiKTeX\tex/latex/graphics-def\pdftex.def
File: pdftex.def 2020/10/05 v1.2a Graphics/color driver for pdftex
) (C:\Program Files\MiKTeX\tex/latex/colortbl\colortbl.sty
Package: colortbl 2020/01/04 v1.0e Color table columns (DPC)
 (C:\Program Files\MiKTeX\tex/latex/tools\array.sty
Package: array 2021/10/04 v2.5f Tabular extension package (FMi)
\col@sep=\dimen151
\ar@mcellbox=\box51
\extrarowheight=\dimen152
\NC@list=\toks21
\extratabsurround=\skip50
\backup@length=\skip51
\ar@cellbox=\box52
)
\everycr=\toks22
\minrowclearance=\skip52
) (C:\Program Files\MiKTeX\tex/latex-dev/graphics\mathcolor.ltx)
\rownum=\count286
Package xcolor Info: Model `cmy' substituted by `cmy0' on input line 1353.
Package xcolor Info: Model `hsb' substituted by `rgb' on input line 1357.
Package xcolor Info: Model `RGB' extended on input line 1369.
Package xcolor Info: Model `HTML' substituted by `rgb' on input line 1371.
Package xcolor Info: Model `Hsb' substituted by `hsb' on input line 1372.
Package xcolor Info: Model `tHsb' substituted by `hsb' on input line 1373.
Package xcolor Info: Model `HSB' substituted by `hsb' on input line 1374.
Package xcolor Info: Model `Gray' substituted by `gray' on input line 1375.
Package xcolor Info: Model `wave' substituted by `hsb' on input line 1376.
) (C:\Program Files\MiKTeX\tex/latex/mwe\mwe.sty
Package: mwe 2018/03/30 v0.5 Package to support minimal working examples (MWE)
 (C:\Program Files\MiKTeX\tex/latex/graphics\graphicx.sty
Package: graphicx 2021/09/16 v1.2d Enhanced LaTeX Graphics (DPC,SPQR)
 (C:\Program Files\MiKTeX\tex/latex/graphics\graphics.sty
Package: graphics 2022/03/10 v1.4e Standard LaTeX Graphics (DPC,SPQR)
 (C:\Program Files\MiKTeX\tex/latex/graphics\trig.sty
Package: trig 2021/08/11 v1.11 sin cos tan (DPC)
) (C:\Program Files\MiKTeX\tex/latex/graphics-cfg\graphics.cfg
File: graphics.cfg 2016/06/04 v1.11 sample graphics configuration
)
Package graphics Info: Driver file: pdftex.def on input line 107.
)
\Gin@req@height=\dimen153
\Gin@req@width=\dimen154
) (C:\Program Files\MiKTeX\tex/latex/lipsum\lipsum.sty (C:\Program Files\MiKTeX\tex/latex/l3packages/l3keys2e\l3keys2e.sty (C:\Program Files\MiKTeX\tex/latex/l3kernel\expl3.sty
Package: expl3 2022-06-16 L3 programming layer (loader) 
 (C:\Program Files\MiKTeX\tex/latex/l3backend\l3backend-pdftex.def
File: l3backend-pdftex.def 2022-04-20 L3 backend support: PDF output (pdfTeX)
\l__color_backend_stack_int=\count287
\l__pdf_internal_box=\box53
))
Package: l3keys2e 2022-06-22 LaTeX2e option processing using LaTeX3 keys
)
Package: lipsum 2021-09-20 v2.7 150 paragraphs of Lorem Ipsum dummy text
\g__lipsum_par_int=\count288
\l__lipsum_a_int=\count289
\l__lipsum_b_int=\count290
 (C:\Program Files\MiKTeX\tex/latex/lipsum\lipsum.ltd.tex)) (C:\Program Files\MiKTeX\tex/latex/blindtext\blindtext.sty
Package: blindtext 2012/01/06 V2.0 blindtext-Package
 (C:\Program Files\MiKTeX\tex/latex/tools\xspace.sty
Package: xspace 2014/10/28 v1.13 Space after command names (DPC,MH)
)
\c@blindtext=\count291
\c@Blindtext=\count292
\c@blind@countparstart=\count293
\blind@countxx=\count294
\blindtext@numBlindtext=\count295
\blind@countyy=\count296
\c@blindlist=\count297
\c@blindlistlevel=\count298
\c@blindlist@level=\count299
\blind@listitem=\count300
\c@blind@listcount=\count301
\c@blind@levelcount=\count302
\blind@mathformula=\count303
\blind@Mathformula=\count304
\c@blind@randomcount=\count305
\c@blind@randommax=\count306
\c@blind@pangramcount=\count307
\c@blind@pangrammax=\count308
)) (C:\Program Files\MiKTeX\tex/latex/tools\enumerate.sty
Package: enumerate 2015/07/23 v3.00 enumerate extensions (DPC)
\@enLab=\toks23
) (C:\Program Files\MiKTeX\tex/latex/enumitem\enumitem.sty
Package: enumitem 2019/06/20 v3.9 Customized lists
\labelindent=\skip53
\enit@outerparindent=\dimen155
\enit@toks=\toks24
\enit@inbox=\box54
\enit@count@id=\count309
\enitdp@description=\count310
) (C:\Program Files\MiKTeX\tex/latex/caption\caption.sty
Package: caption 2022/03/01 v3.6b Customizing captions (AR)
 (C:\Program Files\MiKTeX\tex/latex/caption\caption3.sty
Package: caption3 2022/03/17 v2.3b caption3 kernel (AR)
\caption@tempdima=\dimen156
\captionmargin=\dimen157
\caption@leftmargin=\dimen158
\caption@rightmargin=\dimen159
\caption@width=\dimen160
\caption@indent=\dimen161
\caption@parindent=\dimen162
\caption@hangindent=\dimen163
Package caption Info: Standard document class detected.
)
\c@caption@flags=\count311
\c@continuedfloat=\count312
Package caption Info: hyperref package is loaded.
) (C:\Program Files\MiKTeX\tex/latex/amsmath\amsmath.sty
Package: amsmath 2022/04/08 v2.17n AMS math features
\@mathmargin=\skip54

For additional information on amsmath, use the `?' option.
(C:\Program Files\MiKTeX\tex/latex/amsmath\amstext.sty
Package: amstext 2021/08/26 v2.01 AMS text
 (C:\Program Files\MiKTeX\tex/latex/amsmath\amsgen.sty
File: amsgen.sty 1999/11/30 v2.0 generic functions
\@emptytoks=\toks25
\ex@=\dimen164
)) (C:\Program Files\MiKTeX\tex/latex/amsmath\amsbsy.sty
Package: amsbsy 1999/11/29 v1.2d Bold Symbols
\pmbraise@=\dimen165
) (C:\Program Files\MiKTeX\tex/latex/amsmath\amsopn.sty
Package: amsopn 2022/04/08 v2.04 operator names
)
\inf@bad=\count313
LaTeX Info: Redefining \frac on input line 234.
\uproot@=\count314
\leftroot@=\count315
LaTeX Info: Redefining \overline on input line 399.
LaTeX Info: Redefining \colon on input line 410.
\classnum@=\count316
\DOTSCASE@=\count317
LaTeX Info: Redefining \ldots on input line 496.
LaTeX Info: Redefining \dots on input line 499.
LaTeX Info: Redefining \cdots on input line 620.
\Mathstrutbox@=\box55
\strutbox@=\box56
LaTeX Info: Redefining \big on input line 722.
LaTeX Info: Redefining \Big on input line 723.
LaTeX Info: Redefining \bigg on input line 724.
LaTeX Info: Redefining \Bigg on input line 725.
\big@size=\dimen166
LaTeX Font Info:    Redeclaring font encoding OML on input line 743.
LaTeX Font Info:    Redeclaring font encoding OMS on input line 744.
\macc@depth=\count318
LaTeX Info: Redefining \bmod on input line 905.
LaTeX Info: Redefining \pmod on input line 910.
LaTeX Info: Redefining \smash on input line 940.
LaTeX Info: Redefining \relbar on input line 970.
LaTeX Info: Redefining \Relbar on input line 971.
\c@MaxMatrixCols=\count319
\dotsspace@=\muskip17
\c@parentequation=\count320
\dspbrk@lvl=\count321
\tag@help=\toks26
\row@=\count322
\column@=\count323
\maxfields@=\count324
\andhelp@=\toks27
\eqnshift@=\dimen167
\alignsep@=\dimen168
\tagshift@=\dimen169
\tagwidth@=\dimen170
\totwidth@=\dimen171
\lineht@=\dimen172
\@envbody=\toks28
\multlinegap=\skip55
\multlinetaggap=\skip56
\mathdisplay@stack=\toks29
LaTeX Info: Redefining \[ on input line 2953.
LaTeX Info: Redefining \] on input line 2954.
) (C:\Program Files\MiKTeX\tex/latex/jknappen\mathrsfs.sty
Package: mathrsfs 1996/01/01 Math RSFS package v1.0 (jk)
\symrsfs=\mathgroup4
) (C:\Program Files\MiKTeX\tex/latex/amsfonts\amsfonts.sty
Package: amsfonts 2013/01/14 v3.01 Basic AMSFonts support
\symAMSa=\mathgroup5
\symAMSb=\mathgroup6
LaTeX Font Info:    Redeclaring math symbol \hbar on input line 98.
LaTeX Font Info:    Overwriting math alphabet `\mathfrak' in version `bold'
(Font)                  U/euf/m/n --> U/euf/b/n on input line 106.
) (C:\Program Files\MiKTeX\tex/latex/amsfonts\amssymb.sty
Package: amssymb 2013/01/14 v3.01 AMS font symbols
) (C:\Program Files\MiKTeX\tex/latex/booktabs\booktabs.sty
Package: booktabs 2020/01/12 v1.61803398 Publication quality tables
\heavyrulewidth=\dimen173
\lightrulewidth=\dimen174
\cmidrulewidth=\dimen175
\belowrulesep=\dimen176
\belowbottomsep=\dimen177
\aboverulesep=\dimen178
\abovetopsep=\dimen179
\cmidrulesep=\dimen180
\cmidrulekern=\dimen181
\defaultaddspace=\dimen182
\@cmidla=\count325
\@cmidlb=\count326
\@aboverulesep=\dimen183
\@belowrulesep=\dimen184
\@thisruleclass=\count327
\@lastruleclass=\count328
\@thisrulewidth=\dimen185
) (C:\Program Files\MiKTeX\tex/latex/tools\multicol.sty
Package: multicol 2021/10/28 v1.9b multicolumn formatting (FMi)
\c@tracingmulticols=\count329
\mult@box=\box57
\multicol@leftmargin=\dimen186
\c@unbalance=\count330
\c@collectmore=\count331
\doublecol@number=\count332
\multicoltolerance=\count333
\multicolpretolerance=\count334
\full@width=\dimen187
\page@free=\dimen188
\premulticols=\dimen189
\postmulticols=\dimen190
\multicolsep=\skip57
\multicolbaselineskip=\skip58
\partial@page=\box58
\last@line=\box59
\maxbalancingoverflow=\dimen191
\mult@rightbox=\box60
\mult@grightbox=\box61
\mult@firstbox=\box62
\mult@gfirstbox=\box63
\@tempa=\box64
\@tempa=\box65
\@tempa=\box66
\@tempa=\box67
\@tempa=\box68
\@tempa=\box69
\@tempa=\box70
\@tempa=\box71
\@tempa=\box72
\@tempa=\box73
\@tempa=\box74
\@tempa=\box75
\@tempa=\box76
\@tempa=\box77
\@tempa=\box78
\@tempa=\box79
\@tempa=\box80
\@tempa=\box81
\@tempa=\box82
\@tempa=\box83
\@tempa=\box84
\@tempa=\box85
\@tempa=\box86
\@tempa=\box87
\@tempa=\box88
\@tempa=\box89
\@tempa=\box90
\@tempa=\box91
\@tempa=\box92
\@tempa=\box93
\@tempa=\box94
\@tempa=\box95
\@tempa=\box96
\@tempa=\box97
\@tempa=\box98
\@tempa=\box99
\c@minrows=\count335
\c@columnbadness=\count336
\c@finalcolumnbadness=\count337
\last@try=\dimen192
\multicolovershoot=\dimen193
\multicolundershoot=\dimen194
\mult@nat@firstbox=\box100
\colbreak@box=\box101
\mc@col@check@num=\count338
) (C:\Program Files\MiKTeX\tex/latex/multirow\multirow.sty
Package: multirow 2021/03/15 v2.8 Span multiple rows of a table
\multirow@colwidth=\skip59
\multirow@cntb=\count339
\multirow@dima=\skip60
\bigstrutjot=\dimen195
) (C:\Program Files\MiKTeX\tex/latex/fancyvrb\fancyvrb.sty
Package: fancyvrb 2022/06/06 4.5 verbatim text (tvz,hv)
\FV@CodeLineNo=\count340
\FV@InFile=\read2
\FV@TabBox=\box102
\c@FancyVerbLine=\count341
\FV@StepNumber=\count342
\FV@OutFile=\write4
) (C:\Program Files\MiKTeX\tex/latex/makecell\makecell.sty
Package: makecell 2009/08/03 V0.1e Managing of Tab Column Heads and Cells
\rotheadsize=\dimen196
\c@nlinenum=\count343
\TeXr@lab=\toks30
) (C:\Program Files\MiKTeX\tex/generic/hologo\hologo.sty
Package: hologo 2021-11-16 v1.15 A logo collection with bookmark support (HO)
) (C:\Program Files\MiKTeX\tex/latex/titlesec\titlesec.sty
Package: titlesec 2021/07/05 v2.14 Sectioning titles
\ttl@box=\box103
\beforetitleunit=\skip61
\aftertitleunit=\skip62
\ttl@plus=\dimen197
\ttl@minus=\dimen198
\ttl@toksa=\toks31
\titlewidth=\dimen199
\titlewidthlast=\dimen256
\titlewidthfirst=\dimen257
 (C:\Program Files\MiKTeX\tex/latex/titlesec\titleps.sty)) (C:\Program Files\MiKTeX\tex/latex/appendix\appendix.sty
Package: appendix 2020/02/08 v1.2c extra appendix facilities
\c@@pps=\count344
\c@@ppsavesec=\count345
\c@@ppsaveapp=\count346
) (C:\Program Files\MiKTeX\tex/latex/biblatex\biblatex.sty
Package: biblatex 2022/06/22 v3.18 programmable bibliographies (PK/MW)
 (C:\Program Files\MiKTeX\tex/latex/logreq\logreq.sty
Package: logreq 2010/08/04 v1.0 xml request logger
\lrq@indent=\count347
 (C:\Program Files\MiKTeX\tex/latex/logreq\logreq.def
File: logreq.def 2010/08/04 v1.0 logreq spec v1.0
))
\c@tabx@nest=\count348
\c@listtotal=\count349
\c@listcount=\count350
\c@liststart=\count351
\c@liststop=\count352
\c@citecount=\count353
\c@citetotal=\count354
\c@multicitecount=\count355
\c@multicitetotal=\count356
\c@instcount=\count357
\c@maxnames=\count358
\c@minnames=\count359
\c@maxitems=\count360
\c@minitems=\count361
\c@citecounter=\count362
\c@maxcitecounter=\count363
\c@savedcitecounter=\count364
\c@uniquelist=\count365
\c@uniquename=\count366
\c@refsection=\count367
\c@refsegment=\count368
\c@maxextratitle=\count369
\c@maxextratitleyear=\count370
\c@maxextraname=\count371
\c@maxextradate=\count372
\c@maxextraalpha=\count373
\c@abbrvpenalty=\count374
\c@highnamepenalty=\count375
\c@lownamepenalty=\count376
\c@maxparens=\count377
\c@parenlevel=\count378
\blx@tempcnta=\count379
\blx@tempcntb=\count380
\blx@tempcntc=\count381
\c@blx@maxsection=\count382
\blx@maxsegment@0=\count383
\blx@notetype=\count384
\blx@parenlevel@text=\count385
\blx@parenlevel@foot=\count386
\blx@sectionciteorder@0=\count387
\blx@sectionciteorderinternal@0=\count388
\blx@entrysetcounter=\count389
\blx@biblioinstance=\count390
\labelnumberwidth=\skip63
\labelalphawidth=\skip64
\biblabelsep=\skip65
\bibitemsep=\skip66
\bibnamesep=\skip67
\bibinitsep=\skip68
\bibparsep=\skip69
\bibhang=\skip70
\blx@bcfin=\read3
\blx@bcfout=\write5
\blx@langwohyphens=\language79
\c@mincomprange=\count391
\c@maxcomprange=\count392
\c@mincompwidth=\count393
Package biblatex Info: Trying to load biblatex default data model...
Package biblatex Info: ... file 'blx-dm.def' found.
 (C:\Program Files\MiKTeX\tex/latex/biblatex\blx-dm.def
File: blx-dm.def 2022/06/22 v3.18 biblatex localization (PK/MW)
)
Package biblatex Info: Trying to load biblatex citestyle data model...
Package biblatex Info: ... file 'numeric-comp.dbx' not found.
Package biblatex Info: Trying to load biblatex bibstyle data model...
Package biblatex Info: ... file 'numeric.dbx' not found.
Package biblatex Info: Trying to load biblatex custom data model...
Package biblatex Info: ... file 'biblatex-dm.cfg' not found.
\c@afterword=\count394
\c@savedafterword=\count395
\c@annotator=\count396
\c@savedannotator=\count397
\c@author=\count398
\c@savedauthor=\count399
\c@bookauthor=\count400
\c@savedbookauthor=\count401
\c@commentator=\count402
\c@savedcommentator=\count403
\c@editor=\count404
\c@savededitor=\count405
\c@editora=\count406
\c@savededitora=\count407
\c@editorb=\count408
\c@savededitorb=\count409
\c@editorc=\count410
\c@savededitorc=\count411
\c@foreword=\count412
\c@savedforeword=\count413
\c@holder=\count414
\c@savedholder=\count415
\c@introduction=\count416
\c@savedintroduction=\count417
\c@namea=\count418
\c@savednamea=\count419
\c@nameb=\count420
\c@savednameb=\count421
\c@namec=\count422
\c@savednamec=\count423
\c@translator=\count424
\c@savedtranslator=\count425
\c@shortauthor=\count426
\c@savedshortauthor=\count427
\c@shorteditor=\count428
\c@savedshorteditor=\count429
\c@labelname=\count430
\c@savedlabelname=\count431
\c@institution=\count432
\c@savedinstitution=\count433
\c@lista=\count434
\c@savedlista=\count435
\c@listb=\count436
\c@savedlistb=\count437
\c@listc=\count438
\c@savedlistc=\count439
\c@listd=\count440
\c@savedlistd=\count441
\c@liste=\count442
\c@savedliste=\count443
\c@listf=\count444
\c@savedlistf=\count445
\c@location=\count446
\c@savedlocation=\count447
\c@organization=\count448
\c@savedorganization=\count449
\c@origlocation=\count450
\c@savedoriglocation=\count451
\c@origpublisher=\count452
\c@savedorigpublisher=\count453
\c@publisher=\count454
\c@savedpublisher=\count455
\c@language=\count456
\c@savedlanguage=\count457
\c@origlanguage=\count458
\c@savedoriglanguage=\count459
\c@pageref=\count460
\c@savedpageref=\count461
\shorthandwidth=\skip71
\shortjournalwidth=\skip72
\shortserieswidth=\skip73
\shorttitlewidth=\skip74
\shortauthorwidth=\skip75
\shorteditorwidth=\skip76
\locallabelnumberwidth=\skip77
\locallabelalphawidth=\skip78
\localshorthandwidth=\skip79
\localshortjournalwidth=\skip80
\localshortserieswidth=\skip81
\localshorttitlewidth=\skip82
\localshortauthorwidth=\skip83
\localshorteditorwidth=\skip84
Package biblatex Info: Trying to load compatibility code...
Package biblatex Info: ... file 'blx-compat.def' found.
 (C:\Program Files\MiKTeX\tex/latex/biblatex\blx-compat.def
File: blx-compat.def 2022/06/22 v3.18 biblatex compatibility (PK/MW)
)
Package biblatex Info: Trying to load BibTeX backend compatibility...
Package biblatex Info: ... file 'blx-bibtex.def' found.
 (C:\Program Files\MiKTeX\tex/latex/biblatex\blx-bibtex.def
File: blx-bibtex.def 2022/06/22 v3.18 biblatex compatibility (PK/MW)


Package biblatex Warning: Using fall-back BibTeX(8) backend:
(biblatex)                functionality may be reduced/unavailable.

)
Package biblatex Info: Trying to load generic definitions...
Package biblatex Info: ... file 'biblatex.def' found.
 (C:\Program Files\MiKTeX\tex/latex/biblatex\biblatex.def
File: biblatex.def 2022/06/22 v3.18 biblatex compatibility (PK/MW)
\c@textcitecount=\count462
\c@textcitetotal=\count463
\c@textcitemaxnames=\count464
\c@biburlbigbreakpenalty=\count465
\c@biburlbreakpenalty=\count466
\c@biburlnumpenalty=\count467
\c@biburlucpenalty=\count468
\c@biburllcpenalty=\count469
\biburlbigskip=\muskip18
\biburlnumskip=\muskip19
\biburlucskip=\muskip20
\biburllcskip=\muskip21
\c@smartand=\count470
)
Package biblatex Info: Trying to load bibliography style 'numeric'...
Package biblatex Info: ... file 'numeric.bbx' found.
 (C:\Program Files\MiKTeX\tex/latex/biblatex/bbx\numeric.bbx
File: numeric.bbx 2022/06/22 v3.18 biblatex bibliography style (PK/MW)
Package biblatex Info: Trying to load bibliography style 'standard'...
Package biblatex Info: ... file 'standard.bbx' found.
 (C:\Program Files\MiKTeX\tex/latex/biblatex/bbx\standard.bbx
File: standard.bbx 2022/06/22 v3.18 biblatex bibliography style (PK/MW)
\c@bbx:relatedcount=\count471
\c@bbx:relatedtotal=\count472
))
Package biblatex Info: Trying to load citation style 'numeric-comp'...
Package biblatex Info: ... file 'numeric-comp.cbx' found.
 (C:\Program Files\MiKTeX\tex/latex/biblatex/cbx\numeric-comp.cbx
File: numeric-comp.cbx 2022/06/22 v3.18 biblatex citation style (PK/MW)
\c@cbx@tempcnta=\count473
\c@cbx@tempcntb=\count474
\c@cbx@tempcntc=\count475
\c@cbx@tempcntd=\count476
Package biblatex Info: Redefining '\cite'.
Package biblatex Info: Redefining '\parencite'.
Package biblatex Info: Redefining '\footcite'.
Package biblatex Info: Redefining '\footcitetext'.
Package biblatex Info: Redefining '\smartcite'.
Package biblatex Info: Redefining '\supercite'.
Package biblatex Info: Redefining '\textcite'.
Package biblatex Info: Redefining '\textcites'.
Package biblatex Info: Redefining '\cites'.
Package biblatex Info: Redefining '\parencites'.
Package biblatex Info: Redefining '\smartcites'.
)
Package biblatex Info: Trying to load configuration file...
Package biblatex Info: ... file 'biblatex.cfg' found.
 (C:\Program Files\MiKTeX\tex/latex/biblatex\biblatex.cfg
File: biblatex.cfg 
)
Package biblatex Info: Input encoding 'utf8' detected.
Package biblatex Info: Document encoding is UTF8 ....
Package biblatex Info: ... and expl3
(biblatex)             2022-06-16 L3 programming layer (loader) 
(biblatex)             is new enough (at least 2020/04/06),
(biblatex)             setting 'casechanger=expl3'.
 (C:\Program Files\MiKTeX\tex/latex/biblatex\blx-case-expl3.sty (C:\Program Files\MiKTeX\tex/latex/l3packages/xparse\xparse.sty
Package: xparse 2022-06-22 L3 Experimental document command parser
)
Package: blx-case-expl3 2022/06/22 v3.18 expl3 case changing code for biblatex
)) (C:\Program Files\MiKTeX\tex/generic/babel\babel.sty
Package: babel 2022/06/06 3.76 The Babel package
\babel@savecnt=\count477
\U@D=\dimen258
\l@unhyphenated=\language80
 (C:\Program Files\MiKTeX\tex/generic/babel\txtbabel.def)
\bbl@readstream=\read4
\bbl@dirlevel=\count478

*************************************
* Local config file bblopts.cfg used
*
(C:\Program Files\MiKTeX\tex/latex/arabi\bblopts.cfg
File: bblopts.cfg 2005/09/08 v0.1 add Arabic and Farsi to "declared" options of babel
) (C:\Program Files\MiKTeX\tex/latex/babel-indonesian\bahasa.ldf
Language: bahasa 2017/02/15 v1.0m Bahasa Indonesia support from the babel system
 (C:\Program Files\MiKTeX\tex/latex/babel-indonesian\indonesian.ldf
Language: indonesian 2017/02/15 v1.0m Bahasa Indonesia support from the babel system
))) (C:\Program Files\MiKTeX\tex/latex/pgf/frontendlayer\tikz.sty (C:\Program Files\MiKTeX\tex/latex/pgf/basiclayer\pgf.sty (C:\Program Files\MiKTeX\tex/latex/pgf/utilities\pgfrcs.sty (C:\Program Files\MiKTeX\tex/generic/pgf/utilities\pgfutil-common.tex
\pgfutil@everybye=\toks32
\pgfutil@tempdima=\dimen259
\pgfutil@tempdimb=\dimen260
 (C:\Program Files\MiKTeX\tex/generic/pgf/utilities\pgfutil-common-lists.tex)) (C:\Program Files\MiKTeX\tex/generic/pgf/utilities\pgfutil-latex.def
\pgfutil@abb=\box104
) (C:\Program Files\MiKTeX\tex/generic/pgf/utilities\pgfrcs.code.tex (C:\Program Files\MiKTeX\tex/generic/pgf\pgf.revision.tex)
Package: pgfrcs 2021/05/15 v3.1.9a (3.1.9a)
))
Package: pgf 2021/05/15 v3.1.9a (3.1.9a)
 (C:\Program Files\MiKTeX\tex/latex/pgf/basiclayer\pgfcore.sty (C:\Program Files\MiKTeX\tex/latex/pgf/systemlayer\pgfsys.sty (C:\Program Files\MiKTeX\tex/generic/pgf/systemlayer\pgfsys.code.tex
Package: pgfsys 2021/05/15 v3.1.9a (3.1.9a)
 (C:\Program Files\MiKTeX\tex/generic/pgf/utilities\pgfkeys.code.tex
\pgfkeys@pathtoks=\toks33
\pgfkeys@temptoks=\toks34
 (C:\Program Files\MiKTeX\tex/generic/pgf/utilities\pgfkeysfiltered.code.tex
\pgfkeys@tmptoks=\toks35
))
\pgf@x=\dimen261
\pgf@y=\dimen262
\pgf@xa=\dimen263
\pgf@ya=\dimen264
\pgf@xb=\dimen265
\pgf@yb=\dimen266
\pgf@xc=\dimen267
\pgf@yc=\dimen268
\pgf@xd=\dimen269
\pgf@yd=\dimen270
\w@pgf@writea=\write6
\r@pgf@reada=\read5
\c@pgf@counta=\count479
\c@pgf@countb=\count480
\c@pgf@countc=\count481
\c@pgf@countd=\count482
\t@pgf@toka=\toks36
\t@pgf@tokb=\toks37
\t@pgf@tokc=\toks38
\pgf@sys@id@count=\count483
 (C:\Program Files\MiKTeX\tex/generic/pgf/systemlayer\pgf.cfg
File: pgf.cfg 2021/05/15 v3.1.9a (3.1.9a)
)
Driver file for pgf: pgfsys-pdftex.def
 (C:\Program Files\MiKTeX\tex/generic/pgf/systemlayer\pgfsys-pdftex.def
File: pgfsys-pdftex.def 2021/05/15 v3.1.9a (3.1.9a)
 (C:\Program Files\MiKTeX\tex/generic/pgf/systemlayer\pgfsys-common-pdf.def
File: pgfsys-common-pdf.def 2021/05/15 v3.1.9a (3.1.9a)
))) (C:\Program Files\MiKTeX\tex/generic/pgf/systemlayer\pgfsyssoftpath.code.tex
File: pgfsyssoftpath.code.tex 2021/05/15 v3.1.9a (3.1.9a)
\pgfsyssoftpath@smallbuffer@items=\count484
\pgfsyssoftpath@bigbuffer@items=\count485
) (C:\Program Files\MiKTeX\tex/generic/pgf/systemlayer\pgfsysprotocol.code.tex
File: pgfsysprotocol.code.tex 2021/05/15 v3.1.9a (3.1.9a)
)) (C:\Program Files\MiKTeX\tex/generic/pgf/basiclayer\pgfcore.code.tex
Package: pgfcore 2021/05/15 v3.1.9a (3.1.9a)
 (C:\Program Files\MiKTeX\tex/generic/pgf/math\pgfmath.code.tex (C:\Program Files\MiKTeX\tex/generic/pgf/math\pgfmathcalc.code.tex (C:\Program Files\MiKTeX\tex/generic/pgf/math\pgfmathutil.code.tex) (C:\Program Files\MiKTeX\tex/generic/pgf/math\pgfmathparser.code.tex
\pgfmath@dimen=\dimen271
\pgfmath@count=\count486
\pgfmath@box=\box105
\pgfmath@toks=\toks39
\pgfmath@stack@operand=\toks40
\pgfmath@stack@operation=\toks41
) (C:\Program Files\MiKTeX\tex/generic/pgf/math\pgfmathfunctions.code.tex (C:\Program Files\MiKTeX\tex/generic/pgf/math\pgfmathfunctions.basic.code.tex) (C:\Program Files\MiKTeX\tex/generic/pgf/math\pgfmathfunctions.trigonometric.code.tex) (C:\Program Files\MiKTeX\tex/generic/pgf/math\pgfmathfunctions.random.code.tex) (C:\Program Files\MiKTeX\tex/generic/pgf/math\pgfmathfunctions.comparison.code.tex) (C:\Program Files\MiKTeX\tex/generic/pgf/math\pgfmathfunctions.base.code.tex) (C:\Program Files\MiKTeX\tex/generic/pgf/math\pgfmathfunctions.round.code.tex) (C:\Program Files\MiKTeX\tex/generic/pgf/math\pgfmathfunctions.misc.code.tex) (C:\Program Files\MiKTeX\tex/generic/pgf/math\pgfmathfunctions.integerarithmetics.code.tex))) (C:\Program Files\MiKTeX\tex/generic/pgf/math\pgfmathfloat.code.tex
\c@pgfmathroundto@lastzeros=\count487
)) (C:\Program Files\MiKTeX\tex/generic/pgf/math\pgfint.code.tex) (C:\Program Files\MiKTeX\tex/generic/pgf/basiclayer\pgfcorepoints.code.tex
File: pgfcorepoints.code.tex 2021/05/15 v3.1.9a (3.1.9a)
\pgf@picminx=\dimen272
\pgf@picmaxx=\dimen273
\pgf@picminy=\dimen274
\pgf@picmaxy=\dimen275
\pgf@pathminx=\dimen276
\pgf@pathmaxx=\dimen277
\pgf@pathminy=\dimen278
\pgf@pathmaxy=\dimen279
\pgf@xx=\dimen280
\pgf@xy=\dimen281
\pgf@yx=\dimen282
\pgf@yy=\dimen283
\pgf@zx=\dimen284
\pgf@zy=\dimen285
) (C:\Program Files\MiKTeX\tex/generic/pgf/basiclayer\pgfcorepathconstruct.code.tex
File: pgfcorepathconstruct.code.tex 2021/05/15 v3.1.9a (3.1.9a)
\pgf@path@lastx=\dimen286
\pgf@path@lasty=\dimen287
) (C:\Program Files\MiKTeX\tex/generic/pgf/basiclayer\pgfcorepathusage.code.tex
File: pgfcorepathusage.code.tex 2021/05/15 v3.1.9a (3.1.9a)
\pgf@shorten@end@additional=\dimen288
\pgf@shorten@start@additional=\dimen289
) (C:\Program Files\MiKTeX\tex/generic/pgf/basiclayer\pgfcorescopes.code.tex
File: pgfcorescopes.code.tex 2021/05/15 v3.1.9a (3.1.9a)
\pgfpic=\box106
\pgf@hbox=\box107
\pgf@layerbox@main=\box108
\pgf@picture@serial@count=\count488
) (C:\Program Files\MiKTeX\tex/generic/pgf/basiclayer\pgfcoregraphicstate.code.tex
File: pgfcoregraphicstate.code.tex 2021/05/15 v3.1.9a (3.1.9a)
\pgflinewidth=\dimen290
) (C:\Program Files\MiKTeX\tex/generic/pgf/basiclayer\pgfcoretransformations.code.tex
File: pgfcoretransformations.code.tex 2021/05/15 v3.1.9a (3.1.9a)
\pgf@pt@x=\dimen291
\pgf@pt@y=\dimen292
\pgf@pt@temp=\dimen293
) (C:\Program Files\MiKTeX\tex/generic/pgf/basiclayer\pgfcorequick.code.tex
File: pgfcorequick.code.tex 2021/05/15 v3.1.9a (3.1.9a)
) (C:\Program Files\MiKTeX\tex/generic/pgf/basiclayer\pgfcoreobjects.code.tex
File: pgfcoreobjects.code.tex 2021/05/15 v3.1.9a (3.1.9a)
) (C:\Program Files\MiKTeX\tex/generic/pgf/basiclayer\pgfcorepathprocessing.code.tex
File: pgfcorepathprocessing.code.tex 2021/05/15 v3.1.9a (3.1.9a)
) (C:\Program Files\MiKTeX\tex/generic/pgf/basiclayer\pgfcorearrows.code.tex
File: pgfcorearrows.code.tex 2021/05/15 v3.1.9a (3.1.9a)
\pgfarrowsep=\dimen294
) (C:\Program Files\MiKTeX\tex/generic/pgf/basiclayer\pgfcoreshade.code.tex
File: pgfcoreshade.code.tex 2021/05/15 v3.1.9a (3.1.9a)
\pgf@max=\dimen295
\pgf@sys@shading@range@num=\count489
\pgf@shadingcount=\count490
) (C:\Program Files\MiKTeX\tex/generic/pgf/basiclayer\pgfcoreimage.code.tex
File: pgfcoreimage.code.tex 2021/05/15 v3.1.9a (3.1.9a)
 (C:\Program Files\MiKTeX\tex/generic/pgf/basiclayer\pgfcoreexternal.code.tex
File: pgfcoreexternal.code.tex 2021/05/15 v3.1.9a (3.1.9a)
\pgfexternal@startupbox=\box109
)) (C:\Program Files\MiKTeX\tex/generic/pgf/basiclayer\pgfcorelayers.code.tex
File: pgfcorelayers.code.tex 2021/05/15 v3.1.9a (3.1.9a)
) (C:\Program Files\MiKTeX\tex/generic/pgf/basiclayer\pgfcoretransparency.code.tex
File: pgfcoretransparency.code.tex 2021/05/15 v3.1.9a (3.1.9a)
) (C:\Program Files\MiKTeX\tex/generic/pgf/basiclayer\pgfcorepatterns.code.tex
File: pgfcorepatterns.code.tex 2021/05/15 v3.1.9a (3.1.9a)
) (C:\Program Files\MiKTeX\tex/generic/pgf/basiclayer\pgfcorerdf.code.tex
File: pgfcorerdf.code.tex 2021/05/15 v3.1.9a (3.1.9a)
))) (C:\Program Files\MiKTeX\tex/generic/pgf/modules\pgfmoduleshapes.code.tex
File: pgfmoduleshapes.code.tex 2021/05/15 v3.1.9a (3.1.9a)
\pgfnodeparttextbox=\box110
) (C:\Program Files\MiKTeX\tex/generic/pgf/modules\pgfmoduleplot.code.tex
File: pgfmoduleplot.code.tex 2021/05/15 v3.1.9a (3.1.9a)
) (C:\Program Files\MiKTeX\tex/latex/pgf/compatibility\pgfcomp-version-0-65.sty
Package: pgfcomp-version-0-65 2021/05/15 v3.1.9a (3.1.9a)
\pgf@nodesepstart=\dimen296
\pgf@nodesepend=\dimen297
) (C:\Program Files\MiKTeX\tex/latex/pgf/compatibility\pgfcomp-version-1-18.sty
Package: pgfcomp-version-1-18 2021/05/15 v3.1.9a (3.1.9a)
)) (C:\Program Files\MiKTeX\tex/latex/pgf/utilities\pgffor.sty (C:\Program Files\MiKTeX\tex/latex/pgf/utilities\pgfkeys.sty (C:\Program Files\MiKTeX\tex/generic/pgf/utilities\pgfkeys.code.tex)) (C:\Program Files\MiKTeX\tex/latex/pgf/math\pgfmath.sty (C:\Program Files\MiKTeX\tex/generic/pgf/math\pgfmath.code.tex)) (C:\Program Files\MiKTeX\tex/generic/pgf/utilities\pgffor.code.tex
Package: pgffor 2021/05/15 v3.1.9a (3.1.9a)
 (C:\Program Files\MiKTeX\tex/generic/pgf/math\pgfmath.code.tex)
\pgffor@iter=\dimen298
\pgffor@skip=\dimen299
\pgffor@stack=\toks42
\pgffor@toks=\toks43
)) (C:\Program Files\MiKTeX\tex/generic/pgf/frontendlayer/tikz\tikz.code.tex
Package: tikz 2021/05/15 v3.1.9a (3.1.9a)
 (C:\Program Files\MiKTeX\tex/generic/pgf/libraries\pgflibraryplothandlers.code.tex
File: pgflibraryplothandlers.code.tex 2021/05/15 v3.1.9a (3.1.9a)
\pgf@plot@mark@count=\count491
\pgfplotmarksize=\dimen300
)
\tikz@lastx=\dimen301
\tikz@lasty=\dimen302
\tikz@lastxsaved=\dimen303
\tikz@lastysaved=\dimen304
\tikz@lastmovetox=\dimen305
\tikz@lastmovetoy=\dimen306
\tikzleveldistance=\dimen307
\tikzsiblingdistance=\dimen308
\tikz@figbox=\box111
\tikz@figbox@bg=\box112
\tikz@tempbox=\box113
\tikz@tempbox@bg=\box114
\tikztreelevel=\count492
\tikznumberofchildren=\count493
\tikznumberofcurrentchild=\count494
\tikz@fig@count=\count495
 (C:\Program Files\MiKTeX\tex/generic/pgf/modules\pgfmodulematrix.code.tex
File: pgfmodulematrix.code.tex 2021/05/15 v3.1.9a (3.1.9a)
\pgfmatrixcurrentrow=\count496
\pgfmatrixcurrentcolumn=\count497
\pgf@matrix@numberofcolumns=\count498
)
\tikz@expandcount=\count499
 (C:\Program Files\MiKTeX\tex/generic/pgf/frontendlayer/tikz/libraries\tikzlibrarytopaths.code.tex
File: tikzlibrarytopaths.code.tex 2021/05/15 v3.1.9a (3.1.9a)
))) (C:\Program Files\MiKTeX\tex/generic/pgf/frontendlayer/tikz/libraries\tikzlibrarybackgrounds.code.tex
File: tikzlibrarybackgrounds.code.tex 2021/05/15 v3.1.9a (3.1.9a)
\pgf@layerbox@background=\box115
\pgf@layerboxsaved@background=\box116
) (C:\Program Files\MiKTeX\tex/generic/pgf/frontendlayer/tikz/libraries\tikzlibrarycalc.code.tex
File: tikzlibrarycalc.code.tex 2021/05/15 v3.1.9a (3.1.9a)
) (C:\Program Files\MiKTeX\tex/generic/pgf/frontendlayer/tikz/libraries\tikzlibraryshadows.code.tex
File: tikzlibraryshadows.code.tex 2021/05/15 v3.1.9a (3.1.9a)
 (C:\Program Files\MiKTeX\tex/generic/pgf/frontendlayer/tikz/libraries\tikzlibraryfadings.code.tex
File: tikzlibraryfadings.code.tex 2021/05/15 v3.1.9a (3.1.9a)
 (C:\Program Files\MiKTeX\tex/generic/pgf/libraries\pgflibraryfadings.code.tex
File: pgflibraryfadings.code.tex 2021/05/15 v3.1.9a (3.1.9a)
))) (C:\Program Files\MiKTeX\tex/generic/pgf/frontendlayer/tikz/libraries\tikzlibrarypositioning.code.tex
File: tikzlibrarypositioning.code.tex 2021/05/15 v3.1.9a (3.1.9a)
) (C:\Program Files\MiKTeX\tex/generic/pgf/frontendlayer/tikz/libraries\tikzlibraryfit.code.tex
File: tikzlibraryfit.code.tex 2021/05/15 v3.1.9a (3.1.9a)
) (C:\Program Files\MiKTeX\tex/latex/apptools\apptools.sty
Package: apptools 2012/11/28 v1.0 Tools for customizing appendices
) (C:\Program Files\MiKTeX\tex/latex/psnfss\pifont.sty
Package: pifont 2020/03/25 PSNFSS-v9.3 Pi font support (SPQR) 
LaTeX Font Info:    Trying to load font information for U+pzd on input line 63.
 (C:\Program Files\MiKTeX\tex/latex/psnfss\upzd.fd
File: upzd.fd 2001/06/04 font definitions for U/pzd.
)
LaTeX Font Info:    Trying to load font information for U+psy on input line 64.
 (C:\Program Files\MiKTeX\tex/latex/psnfss\upsy.fd
File: upsy.fd 2001/06/04 font definitions for U/psy.
)) (C:\Program Files\MiKTeX\tex/latex/manfnt\manfnt.sty
Package: manfnt 1999/07/010.2LaTeX2e manfnt package
\dbend@height=\skip85
) (C:\Program Files\MiKTeX\tex/latex/bbding\bbding.sty
Package: bbding 1999/04/15 v1.01 Dingbats symbols
) (C:\Program Files\MiKTeX\tex/latex/tcolorbox\tcolorbox.sty
Package: tcolorbox 2022/06/24 version 5.1.1 text color boxes
 (C:\Program Files\MiKTeX\tex/latex/tools\verbatim.sty
Package: verbatim 2020-07-07 v1.5u LaTeX2e package for verbatim enhancements
\every@verbatim=\toks44
\verbatim@line=\toks45
\verbatim@in@stream=\read6
) (C:\Program Files\MiKTeX\tex/latex/environ\environ.sty
Package: environ 2014/05/04 v0.3 A new way to define environments
 (C:\Program Files\MiKTeX\tex/latex/trimspaces\trimspaces.sty
Package: trimspaces 2009/09/17 v1.1 Trim spaces around a token list
))
\tcb@titlebox=\box117
\tcb@upperbox=\box118
\tcb@lowerbox=\box119
\tcb@phantombox=\box120
\c@tcbbreakpart=\count500
\c@tcblayer=\count501
\c@tcolorbox@number=\count502
\tcb@temp=\box121
\tcb@temp=\box122
\tcb@temp=\box123
\tcb@temp=\box124
 (C:\Program Files\MiKTeX\tex/latex/tcolorbox\tcbraster.code.tex
Library (tcolorbox): 'tcbraster.code.tex' version '5.1.1'
\c@tcbrastercolumn=\count503
\c@tcbrasterrow=\count504
\c@tcbrasternum=\count505
\c@tcbraster=\count506
) (C:\Program Files\MiKTeX\tex/latex/tcolorbox\tcbskins.code.tex
Library (tcolorbox): 'tcbskins.code.tex' version '5.1.1'
\tcb@waterbox=\box125
(C:\Program Files\MiKTeX\tex/latex/tcolorbox\tcbskinsjigsaw.code.tex
Library (tcolorbox): 'tcbskinsjigsaw.code.tex' version '5.1.1'
)) (C:\Program Files\MiKTeX\tex/latex/tcolorbox\tcbbreakable.code.tex
Library (tcolorbox): 'tcbbreakable.code.tex' version '5.1.1'
(C:\Program Files\MiKTeX\tex/generic/oberdiek\pdfcol.sty
Package: pdfcol 2019/12/29 v1.6 Handle new color stacks for pdfTeX (HO)
)
Package pdfcol Info: New color stack `tcb@breakable' = 1 on input line 23.
\tcb@testbox=\box126
\tcb@totalupperbox=\box127
\tcb@totallowerbox=\box128
) (C:\Program Files\MiKTeX\tex/latex/tcolorbox\tcbhooks.code.tex
Library (tcolorbox): 'tcbhooks.code.tex' version '5.1.1'
) (C:\Program Files\MiKTeX\tex/latex/tcolorbox\tcbtheorems.code.tex
Library (tcolorbox): 'tcbtheorems.code.tex' version '5.1.1'
) (C:\Program Files\MiKTeX\tex/latex/tcolorbox\tcbfitting.code.tex
Library (tcolorbox): 'tcbfitting.code.tex' version '5.1.1'
\tcbfitdim=\dimen309
\tcb@lowerfitdim=\dimen310
\tcb@upperfitdim=\dimen311
\tcb@cur@hbadness=\count507
))
\c@tcb@cnt@hasilpembelajaran=\count508
\c@tcb@cnt@definition=\count509
\c@tcb@cnt@detailpembelajaran=\count510
\c@tcb@cnt@theorem=\count511
\c@tcb@cnt@postulate=\count512
\c@tcb@cnt@axiom=\count513
\c@tcb@cnt@corollary=\count514
\c@tcb@cnt@lemma=\count515
\c@tcb@cnt@proposition=\count516
\c@exam=\count517
\c@exer=\count518
\c@prob=\count519
 (C:\Program Files\MiKTeX\tex/latex/adforn\adforn.sty
Package: adforn 2019/10/13 v1.1b adforn CFR
LaTeX Font Info:    Trying to load font information for U+OrnementsADF on input line 4.
 (C:\Program Files\MiKTeX\tex/latex/adforn\uornementsadf.fd)) (C:\Program Files\MiKTeX\tex/latex/fancyhdr\fancyhdr.sty
Package: fancyhdr 2022/05/18 v4.0.3 Extensive control of page headers and footers
\f@nch@headwidth=\skip86
\f@nch@O@elh=\skip87
\f@nch@O@erh=\skip88
\f@nch@O@olh=\skip89
\f@nch@O@orh=\skip90
\f@nch@O@elf=\skip91
\f@nch@O@erf=\skip92
\f@nch@O@olf=\skip93
\f@nch@O@orf=\skip94
) (C:\Program Files\MiKTeX\tex/latex/listings\listings.sty
\lst@mode=\count520
\lst@gtempboxa=\box129
\lst@token=\toks46
\lst@length=\count521
\lst@currlwidth=\dimen312
\lst@column=\count522
\lst@pos=\count523
\lst@lostspace=\dimen313
\lst@width=\dimen314
\lst@newlines=\count524
\lst@lineno=\count525
\lst@maxwidth=\dimen315
 (C:\Program Files\MiKTeX\tex/latex/listings\lstmisc.sty
File: lstmisc.sty 2020/03/24 1.8d (Carsten Heinz)
\c@lstnumber=\count526
\lst@skipnumbers=\count527
\lst@framebox=\box130
) (C:\Program Files\MiKTeX\tex/latex/listings\listings.cfg
File: listings.cfg 2020/03/24 1.8d listings configuration
))
Package: listings 2020/03/24 1.8d (Carsten Heinz)
 (C:\Program Files\MiKTeX\tex/latex/listings\lstlang1.sty
File: lstlang1.sty 2020/03/24 1.8d listings language file
) (C:\Program Files\MiKTeX\tex/latex/listings\lstlang2.sty
File: lstlang2.sty 2020/03/24 1.8d listings language file
) (C:\Program Files\MiKTeX\tex/latex/listings\lstlang3.sty
File: lstlang3.sty 2020/03/24 1.8d listings language file
) (C:\Program Files\MiKTeX\tex/latex/listings\lstlang1.sty
File: lstlang1.sty 2020/03/24 1.8d listings language file
) (C:\Program Files\MiKTeX\tex/latex/listings\lstlang2.sty
File: lstlang2.sty 2020/03/24 1.8d listings language file
) (C:\Program Files\MiKTeX\tex/latex/listings\lstlang3.sty
File: lstlang3.sty 2020/03/24 1.8d listings language file
) (C:\Program Files\MiKTeX\tex/latex/listings\lstlang1.sty
File: lstlang1.sty 2020/03/24 1.8d listings language file
) (C:\Program Files\MiKTeX\tex/latex/listings\lstlang2.sty
File: lstlang2.sty 2020/03/24 1.8d listings language file
) (C:\Program Files\MiKTeX\tex/latex/listings\lstlang3.sty
File: lstlang3.sty 2020/03/24 1.8d listings language file
) (C:\Program Files\MiKTeX\tex/latex/listings\lstmisc.sty
File: lstmisc.sty 2020/03/24 1.8d (Carsten Heinz)
) (C:\Program Files\MiKTeX\tex/latex/tools\bm.sty
Package: bm 2021/04/25 v1.2e Bold Symbol Support (DPC/FMi)
Package bm Info: No bold for \OMX/cmex/m/n, using \pmb.
Package bm Info: No bold for \U/rsfs/m/n, using \pmb.
Package bm Info: No bold for \U/msa/m/n, using \pmb.
Package bm Info: No bold for \U/msb/m/n, using \pmb.
) (C:\Program Files\MiKTeX\tex/latex/tools\calc.sty
Package: calc 2017/05/25 v4.3 Infix arithmetic (KKT,FJ)
\calc@Acount=\count528
\calc@Bcount=\count529
\calc@Adimen=\dimen316
\calc@Bdimen=\dimen317
\calc@Askip=\skip95
\calc@Bskip=\skip96
LaTeX Info: Redefining \setlength on input line 80.
LaTeX Info: Redefining \addtolength on input line 81.
\calc@Ccount=\count530
\calc@Cskip=\skip97
) (C:\Program Files\MiKTeX\tex/latex/tocloft\tocloft.sty
Package: tocloft 2017/08/31 v2.3i parameterised ToC, etc., typesetting
Package tocloft Info: The document has chapter divisions on input line 51.
\cftparskip=\skip98
\cftbeforetoctitleskip=\skip99
\cftaftertoctitleskip=\skip100
\cftbeforepartskip=\skip101
\cftpartnumwidth=\skip102
\cftpartindent=\skip103
\cftbeforechapskip=\skip104
\cftchapindent=\skip105
\cftchapnumwidth=\skip106
\cftbeforesecskip=\skip107
\cftsecindent=\skip108
\cftsecnumwidth=\skip109
\cftbeforesubsecskip=\skip110
\cftsubsecindent=\skip111
\cftsubsecnumwidth=\skip112
\cftbeforesubsubsecskip=\skip113
\cftsubsubsecindent=\skip114
\cftsubsubsecnumwidth=\skip115
\cftbeforeparaskip=\skip116
\cftparaindent=\skip117
\cftparanumwidth=\skip118
\cftbeforesubparaskip=\skip119
\cftsubparaindent=\skip120
\cftsubparanumwidth=\skip121
\cftbeforeloftitleskip=\skip122
\cftafterloftitleskip=\skip123
\cftbeforefigskip=\skip124
\cftfigindent=\skip125
\cftfignumwidth=\skip126
\c@lofdepth=\count531
\c@lotdepth=\count532
\cftbeforelottitleskip=\skip127
\cftafterlottitleskip=\skip128
\cftbeforetabskip=\skip129
\cfttabindent=\skip130
\cfttabnumwidth=\skip131
))
Package csquotes Info: Checking for multilingual support...
Package csquotes Info: ... found 'babel' package.
LaTeX Font Info:    Trying to load font information for OT1+ntxtlf on input line 18.
 (C:\Program Files\MiKTeX\tex/latex/newtx\ot1ntxtlf.fd
File: ot1ntxtlf.fd 2021/05/24 v1.0 font definition file for OT1/ntx/tlf
)
LaTeX Font Info:    Font shape `OT1/ntxtlf/m/n' will be
(Font)              scaled to size 10.0pt on input line 18.
 (main.aux)
\openout1 = `main.aux'.

LaTeX Font Info:    Checking defaults for OML/cmm/m/it on input line 18.
LaTeX Font Info:    ... okay on input line 18.
LaTeX Font Info:    Checking defaults for OMS/cmsy/m/n on input line 18.
LaTeX Font Info:    ... okay on input line 18.
LaTeX Font Info:    Checking defaults for OT1/cmr/m/n on input line 18.
LaTeX Font Info:    ... okay on input line 18.
LaTeX Font Info:    Checking defaults for T1/cmr/m/n on input line 18.
LaTeX Font Info:    ... okay on input line 18.
LaTeX Font Info:    Checking defaults for TS1/cmr/m/n on input line 18.
LaTeX Font Info:    ... okay on input line 18.
LaTeX Font Info:    Checking defaults for OMX/cmex/m/n on input line 18.
LaTeX Font Info:    ... okay on input line 18.
LaTeX Font Info:    Checking defaults for U/cmr/m/n on input line 18.
LaTeX Font Info:    ... okay on input line 18.
LaTeX Font Info:    Checking defaults for PD1/pdf/m/n on input line 18.
LaTeX Font Info:    ... okay on input line 18.
LaTeX Font Info:    Checking defaults for PU/pdf/m/n on input line 18.
LaTeX Font Info:    ... okay on input line 18.
Package hyperref Info: Link coloring ON on input line 18.
 (main.out) (main.out)
\@outlinefile=\write7
\openout7 = `main.out'.


*geometry* driver: auto-detecting
*geometry* detected driver: pdftex
*geometry* verbose mode - [ preamble ] result:
* driver: pdftex
* paper: a4paper
* layout: <same size as paper>
* layoutoffset:(h,v)=(0.0pt,0.0pt)
* modes: 
* h-part:(L,W,R)=(56.9055pt, 483.69687pt, 56.9055pt)
* v-part:(T,H,B)=(72.26997pt, 700.5069pt, 72.26997pt)
* \paperwidth=597.50787pt
* \paperheight=845.04684pt
* \textwidth=483.69687pt
* \textheight=700.5069pt
* \oddsidemargin=-15.36449pt
* \evensidemargin=-15.36449pt
* \topmargin=-73.12352pt
* \headheight=61.74242pt
* \headsep=11.38109pt
* \topskip=10.0pt
* \footskip=34.1433pt
* \marginparwidth=69.0pt
* \marginparsep=7.0pt
* \columnsep=10.0pt
* \skip\footins=9.0pt plus 4.0pt minus 2.0pt
* \hoffset=0.0pt
* \voffset=0.0pt
* \mag=1000
* \@twocolumnfalse
* \@twosidefalse
* \@mparswitchfalse
* \@reversemarginfalse
* (1in=72.27pt=25.4mm, 1cm=28.453pt)

\c@mv@tabular=\count533
\c@mv@boldtabular=\count534
(C:\Program Files\MiKTeX\tex/context/base/mkii\supp-pdf.mkii
[Loading MPS to PDF converter (version 2006.09.02).]
\scratchcounter=\count535
\scratchdimen=\dimen318
\scratchbox=\box131
\nofMPsegments=\count536
\nofMParguments=\count537
\everyMPshowfont=\toks47
\MPscratchCnt=\count538
\MPscratchDim=\dimen319
\MPnumerator=\count539
\makeMPintoPDFobject=\count540
\everyMPtoPDFconversion=\toks48
) (C:\Program Files\MiKTeX\tex/latex/epstopdf-pkg\epstopdf-base.sty
Package: epstopdf-base 2020-01-24 v2.11 Base part for package epstopdf
 (C:\Program Files\MiKTeX\tex/latex/grfext\grfext.sty
Package: grfext 2019/12/03 v1.3 Manage graphics extensions (HO)
)
Package epstopdf-base Info: Redefining graphics rule for `.eps' on input line 485.
Package grfext Info: Graphics extension search list:
(grfext)             [.pdf,.png,.jpg,.mps,.jpeg,.jbig2,.jb2,.PDF,.PNG,.JPG,.JPEG,.JBIG2,.JB2,.eps]
(grfext)             \AppendGraphicsExtensions on input line 504.
 (C:\Program Files\MiKTeX\tex/latex/00miktex\epstopdf-sys.cfg
File: epstopdf-sys.cfg 2021/03/18 v2.0 Configuration of epstopdf for MiKTeX
))
Package caption Info: Begin \AtBeginDocument code.
Package caption Info: listings package is loaded.
Package caption Info: End \AtBeginDocument code.
 (C:\Program Files\MiKTeX\tex/latex/footmisc\footmisc.sty
Package: footmisc 2022/03/08 v6.0d a miscellany of footnote facilities
\FN@temptoken=\toks49
\footnotemargin=\dimen320
\@outputbox@depth=\dimen321
Package footmisc Info: Declaring symbol style bringhurst on input line 695.
Package footmisc Info: Declaring symbol style chicago on input line 703.
Package footmisc Info: Declaring symbol style wiley on input line 712.
Package footmisc Info: Declaring symbol style lamport-robust on input line 723.
Package footmisc Info: Declaring symbol style lamport* on input line 743.
Package footmisc Info: Declaring symbol style lamport*-robust on input line 764.
)
Package biblatex Info: Trying to load language 'bahasa'...
Package biblatex Info: ... file 'bahasa.lbx' found.
 (bahasa.lbx
File: bahasa.lbx 2022/06/22 v3.18 biblatex localization (PK/MW)
)
Package biblatex Info: Input encoding 'utf8' detected.
Package biblatex Info: Automatic encoding selection.
(biblatex)             Assuming data encoding 'utf8'.
Package biblatex Info: Input encoding 'utf8' detected.
Package biblatex Info: Data encoding 'utf8' specified.
(biblatex)             No need to reencode data.
\openout5 = `main-blx.bib'.

Package biblatex Info: Trying to load bibliographic data...
Package biblatex Info: ... file 'main.bbl' found.
 (main.bbl)
Package biblatex Info: Reference section=0 on input line 18.
Package biblatex Info: Reference segment=0 on input line 18.
\c@lstlisting=\count541
Package hyperref Info: Option `pageanchor' set `false' on input line 20.
*geometry* verbose mode - [ newgeometry ] result:
* driver: pdftex
* paper: a4paper
* layout: <same size as paper>
* layoutoffset:(h,v)=(0.0pt,0.0pt)
* modes: 
* h-part:(L,W,R)=(0.0pt, 597.50787pt, 0.0pt)
* v-part:(T,H,B)=(0.0pt, 845.04684pt, 0.0pt)
* \paperwidth=597.50787pt
* \paperheight=845.04684pt
* \textwidth=597.50787pt
* \textheight=845.04684pt
* \oddsidemargin=-72.26999pt
* \evensidemargin=-72.26999pt
* \topmargin=-145.3935pt
* \headheight=61.74242pt
* \headsep=11.38109pt
* \topskip=10.0pt
* \footskip=34.1433pt
* \marginparwidth=69.0pt
* \marginparsep=7.0pt
* \columnsep=10.0pt
* \skip\footins=9.0pt plus 4.0pt minus 2.0pt
* \hoffset=0.0pt
* \voffset=0.0pt
* \mag=1000
* \@twocolumnfalse
* \@twosidefalse
* \@mparswitchfalse
* \@reversemarginfalse
* (1in=72.27pt=25.4mm, 1cm=28.453pt)

<./figure//cover.jpg, id=194, 647.41875pt x 490.08093pt>
File: ./figure//cover.jpg Graphic file (type jpg)
<use ./figure//cover.jpg>
Package pdftex.def Info: ./figure//cover.jpg  used on input line 20.
(pdftex.def)             Requested size: 597.50787pt x 452.3232pt.
LaTeX Font Info:    Font shape `OT1/ntxtlf/b/n' will be
(Font)              scaled to size 10.0pt on input line 20.
LaTeX Font Info:    Font shape `OT1/ntxtlf/b/n' will be
(Font)              scaled to size 24.88pt on input line 20.
LaTeX Font Info:    Trying to load font information for U+rsfs on input line 20.
 (C:\Program Files\MiKTeX\tex/latex/jknappen\ursfs.fd
File: ursfs.fd 1998/03/24 rsfs font definition file (jk)
)
LaTeX Font Info:    Trying to load font information for U+msa on input line 20.
 (C:\Program Files\MiKTeX\tex/latex/amsfonts\umsa.fd
File: umsa.fd 2013/01/14 v3.01 AMS symbols A
)
LaTeX Font Info:    Trying to load font information for U+msb on input line 20.
 (C:\Program Files\MiKTeX\tex/latex/amsfonts\umsb.fd
File: umsb.fd 2013/01/14 v3.01 AMS symbols B
)
LaTeX Font Info:    Font shape `OT1/ntxtlf/b/n' will be
(Font)              scaled to size 14.4pt on input line 20.
LaTeX Font Info:    Font shape `OT1/ntxtlf/m/it' will be
(Font)              scaled to size 10.0pt on input line 20.
 [1



{C:/Users/muhammadoginh/AppData/Local/MiKTeX/fonts/map/pdftex/pdftex.map} <./figure//cover.jpg>]
LaTeX Font Info:    Font shape `OT1/ntxtlf/b/n' will be
(Font)              scaled to size 17.28pt on input line 23.
 (main.toc)
\tf@toc=\write8
\openout8 = `main.toc'.

 [1



] (chapter_1.tex
Bab 1.
LaTeX Font Info:    Font shape `OT1/ntxtlf/b/n' will be
(Font)              scaled to size 12.0pt on input line 21.
[1


]
LaTeX Font Info:    Font shape `OT1/ntxtlf/m/n' will be
(Font)              scaled to size 9.0pt on input line 46.
 [2] [3] [4] [5] [6] [7] [8] [9] [10] [11]) (chapter_2.tex [12]
Bab 2.
[13

] [14]) (chapter_3.tex [15]
Bab 3.
[16

] [17] [18]) (chapter_4.tex [19]
Bab 4.
<./image//bab4/Picture1.png, id=453, 867.97pt x 267.69398pt>
File: ./image//bab4/Picture1.png Graphic file (type png)
<use ./image//bab4/Picture1.png>
Package pdftex.def Info: ./image//bab4/Picture1.png  used on input line 14.
(pdftex.def)             Requested size: 435.32422pt x 134.26329pt.
[20

 <./image//bab4/Picture1.png>]
<./image//bab4/Picture2.png, id=461, 481.8pt x 387.16072pt>
File: ./image//bab4/Picture2.png Graphic file (type png)
<use ./image//bab4/Picture2.png>
Package pdftex.def Info: ./image//bab4/Picture2.png  used on input line 28.
(pdftex.def)             Requested size: 435.32422pt x 349.82379pt.
LaTeX Font Info:    Font shape `OT1/ntxtlf/m/n' will be
(Font)              scaled to size 7.0pt on input line 42.
LaTeX Font Info:    Font shape `OT1/ntxtlf/m/n' will be
(Font)              scaled to size 5.0pt on input line 42.
 [21 <./image//bab4/Picture2.png>]
LaTeX Font Info:    Font shape `OT1/ntxtlf/m/it' will be
(Font)              scaled to size 7.0pt on input line 57.
LaTeX Font Info:    Font shape `OT1/ntxtlf/m/it' will be
(Font)              scaled to size 5.0pt on input line 57.
 [22]
<./image//bab4/Picture3.png, id=478, 598.6pt x 387.89816pt>
File: ./image//bab4/Picture3.png Graphic file (type png)
<use ./image//bab4/Picture3.png>
Package pdftex.def Info: ./image//bab4/Picture3.png  used on input line 97.
(pdftex.def)             Requested size: 435.32422pt x 282.09198pt.
<./image//bab4/Picture4.png, id=479, 867.97pt x 384.94836pt>
File: ./image//bab4/Picture4.png Graphic file (type png)
<use ./image//bab4/Picture4.png>
Package pdftex.def Info: ./image//bab4/Picture4.png  used on input line 133.
(pdftex.def)             Requested size: 435.32422pt x 193.07283pt.
 [23 <./image//bab4/Picture3.png>]
<./image//bab4/Picture5.png, id=488, 824.9pt x 213.8602pt>
File: ./image//bab4/Picture5.png Graphic file (type png)
<use ./image//bab4/Picture5.png>
Package pdftex.def Info: ./image//bab4/Picture5.png  used on input line 143.
(pdftex.def)             Requested size: 435.32422pt x 112.8624pt.
<./image//bab4/Picture6.png, id=489, 867.97pt x 272.85612pt>
File: ./image//bab4/Picture6.png Graphic file (type png)
<use ./image//bab4/Picture6.png>
Package pdftex.def Info: ./image//bab4/Picture6.png  used on input line 157.
(pdftex.def)             Requested size: 435.32422pt x 136.85239pt.
 [24 <./image//bab4/Picture4.png> <./image//bab4/Picture5.png>]
<./image//bab4/Picture7.png, id=497, 868.7pt x 264.00673pt>
File: ./image//bab4/Picture7.png Graphic file (type png)
<use ./image//bab4/Picture7.png>
Package pdftex.def Info: ./image//bab4/Picture7.png  used on input line 185.
(pdftex.def)             Requested size: 435.32422pt x 132.2971pt.
 [25 <./image//bab4/Picture6.png>]
<./image//bab4/Picture8.png, id=504, 804.46pt x 387.89816pt>
File: ./image//bab4/Picture8.png Graphic file (type png)
<use ./image//bab4/Picture8.png>
Package pdftex.def Info: ./image//bab4/Picture8.png  used on input line 196.
(pdftex.def)             Requested size: 435.32422pt x 209.91171pt.
<./image//bab4/Picture9.png, id=505, 868.7pt x 243.35817pt>
File: ./image//bab4/Picture9.png Graphic file (type png)
<use ./image//bab4/Picture9.png>
Package pdftex.def Info: ./image//bab4/Picture9.png  used on input line 208.
(pdftex.def)             Requested size: 435.32422pt x 121.94986pt.
 [26 <./image//bab4/Picture7.png> <./image//bab4/Picture8.png>]
<./image//bab4/Picture10.png, id=513, 562.1pt x 387.89816pt>
File: ./image//bab4/Picture10.png Graphic file (type png)
<use ./image//bab4/Picture10.png>
Package pdftex.def Info: ./image//bab4/Picture10.png  used on input line 230.
(pdftex.def)             Requested size: 435.32422pt x 300.4108pt.
 [27 <./image//bab4/Picture9.png>]
LaTeX Font Info:    Trying to load font information for TS1+ntxtlf on input line 237.
 (C:\Program Files\MiKTeX\tex/latex/newtx\ts1ntxtlf.fd
File: ts1ntxtlf.fd 2015/01/18 v1.0 fd file for TS1/ntxtlf
)
LaTeX Font Info:    Font shape `TS1/ntxtlf/m/n' will be
(Font)              scaled to size 10.0pt on input line 237.
<./image//bab4/Picture11.png, id=519, 867.97pt x 176.2503pt>
File: ./image//bab4/Picture11.png Graphic file (type png)
<use ./image//bab4/Picture11.png>
Package pdftex.def Info: ./image//bab4/Picture11.png  used on input line 241.
(pdftex.def)             Requested size: 435.32422pt x 88.39923pt.
 [28 <./image//bab4/Picture10.png> <./image//bab4/Picture11.png>]
<./image//bab4/Picture12.png, id=528, 854.83pt x 387.89816pt>
File: ./image//bab4/Picture12.png Graphic file (type png)
<use ./image//bab4/Picture12.png>
Package pdftex.def Info: ./image//bab4/Picture12.png  used on input line 252.
(pdftex.def)             Requested size: 435.32422pt x 197.54134pt.
<./image//bab4/Picture13.png, id=529, 830.01pt x 387.89816pt>
File: ./image//bab4/Picture13.png Graphic file (type png)
<use ./image//bab4/Picture13.png>
Package pdftex.def Info: ./image//bab4/Picture13.png  used on input line 269.
(pdftex.def)             Requested size: 435.32422pt x 203.44241pt.
 [29 <./image//bab4/Picture12.png>] [30 <./image//bab4/Picture13.png>]
<./image//bab4/Picture14.png, id=546, 540.2pt x 387.89816pt>
File: ./image//bab4/Picture14.png Graphic file (type png)
<use ./image//bab4/Picture14.png>
Package pdftex.def Info: ./image//bab4/Picture14.png  used on input line 317.
(pdftex.def)             Requested size: 435.32422pt x 312.59177pt.
 [31 <./image//bab4/Picture14.png>]
<./image//bab4/Picture15.png, id=552, 868.7pt x 253.68245pt>
File: ./image//bab4/Picture15.png Graphic file (type png)
<use ./image//bab4/Picture15.png>
Package pdftex.def Info: ./image//bab4/Picture15.png  used on input line 329.
(pdftex.def)             Requested size: 435.32422pt x 127.12347pt.
<./image//bab4/Picture16.png, id=553, 867.97pt x 292.0298pt>
File: ./image//bab4/Picture16.png Graphic file (type png)
<use ./image//bab4/Picture16.png>
Package pdftex.def Info: ./image//bab4/Picture16.png  used on input line 380.
(pdftex.def)             Requested size: 435.32422pt x 146.46904pt.
<./image//bab4/Picture17.png, id=554, 867.24pt x 276.54337pt>
File: ./image//bab4/Picture17.png Graphic file (type png)
<use ./image//bab4/Picture17.png>
Package pdftex.def Info: ./image//bab4/Picture17.png  used on input line 400.
(pdftex.def)             Requested size: 435.32422pt x 138.81567pt.
 [32 <./image//bab4/Picture15.png>]
<./image//bab4/Picture18.png, id=562, 868.7pt x 289.08pt>
File: ./image//bab4/Picture18.png Graphic file (type png)
<use ./image//bab4/Picture18.png>
Package pdftex.def Info: ./image//bab4/Picture18.png  used on input line 412.
(pdftex.def)             Requested size: 435.32422pt x 144.86163pt.
 [33 <./image//bab4/Picture16.png> <./image//bab4/Picture17.png>]
<./image//bab4/Picture19.png, id=571, 867.97pt x 259.58205pt>
File: ./image//bab4/Picture19.png Graphic file (type png)
<use ./image//bab4/Picture19.png>
Package pdftex.def Info: ./image//bab4/Picture19.png  used on input line 422.
(pdftex.def)             Requested size: 435.32422pt x 130.1947pt.
 [34 <./image//bab4/Picture18.png> <./image//bab4/Picture19.png>]
<./image//bab4/Picture20.png, id=581, 700.07pt x 387.89816pt>
File: ./image//bab4/Picture20.png Graphic file (type png)
<use ./image//bab4/Picture20.png>
Package pdftex.def Info: ./image//bab4/Picture20.png  used on input line 440.
(pdftex.def)             Requested size: 435.32422pt x 241.20462pt.
<./image//bab4/Picture21.png, id=582, 854.1pt x 387.89816pt>
File: ./image//bab4/Picture21.png Graphic file (type png)
<use ./image//bab4/Picture21.png>
Package pdftex.def Info: ./image//bab4/Picture21.png  used on input line 458.
(pdftex.def)             Requested size: 435.32422pt x 197.70706pt.
 [35 <./image//bab4/Picture20.png>]
<./image//bab4/Picture22.png, id=593, 706.64pt x 387.89816pt>
File: ./image//bab4/Picture22.png Graphic file (type png)
<use ./image//bab4/Picture22.png>
Package pdftex.def Info: ./image//bab4/Picture22.png  used on input line 472.
(pdftex.def)             Requested size: 435.32422pt x 238.9673pt.
<./image//bab4/Picture23.png, id=594, 784.75pt x 387.89816pt>
File: ./image//bab4/Picture23.png Graphic file (type png)
<use ./image//bab4/Picture23.png>
Package pdftex.def Info: ./image//bab4/Picture23.png  used on input line 481.
(pdftex.def)             Requested size: 435.32422pt x 215.1854pt.
<./image//bab4/Picture24.png, id=595, 475.96pt x 387.89816pt>
File: ./image//bab4/Picture24.png Graphic file (type png)
<use ./image//bab4/Picture24.png>
Package pdftex.def Info: ./image//bab4/Picture24.png  used on input line 492.
(pdftex.def)             Requested size: 435.32422pt x 354.7931pt.
 [36 <./image//bab4/Picture21.png> <./image//bab4/Picture22.png>] [37 <./image//bab4/Picture23.png> <./image//bab4/Picture24.png>]
<./image//bab4/Picture25.png, id=611, 570.13pt x 387.89816pt>
File: ./image//bab4/Picture25.png Graphic file (type png)
<use ./image//bab4/Picture25.png>
Package pdftex.def Info: ./image//bab4/Picture25.png  used on input line 505.
(pdftex.def)             Requested size: 435.32422pt x 296.17882pt.
LaTeX Font Info:    Font shape `OT1/ntxtlf/m/n' will be
(Font)              scaled to size 12.0pt on input line 542.
 [38 <./image//bab4/Picture25.png>]
<./image//bab4/Picture26.png, id=622, 515.38pt x 387.89816pt>
File: ./image//bab4/Picture26.png Graphic file (type png)
<use ./image//bab4/Picture26.png>
Package pdftex.def Info: ./image//bab4/Picture26.png  used on input line 558.
(pdftex.def)             Requested size: 435.32422pt x 327.64339pt.
 [39 <./image//bab4/Picture26.png>] [40]
<./image//bab4/Picture27.png, id=640, 868.7pt x 345.86357pt>
File: ./image//bab4/Picture27.png Graphic file (type png)
<use ./image//bab4/Picture27.png>
Package pdftex.def Info: ./image//bab4/Picture27.png  used on input line 629.
(pdftex.def)             Requested size: 435.32422pt x 173.3166pt.
 [41 <./image//bab4/Picture27.png>]
<./image//bab4/Picture28.png, id=653, 867.97pt x 332.5895pt>
File: ./image//bab4/Picture28.png Graphic file (type png)
<use ./image//bab4/Picture28.png>
Package pdftex.def Info: ./image//bab4/Picture28.png  used on input line 679.
(pdftex.def)             Requested size: 435.32422pt x 166.81197pt.
<./image//bab4/Picture29.png, id=654, 868.7pt x 263.26929pt>
File: ./image//bab4/Picture29.png Graphic file (type png)
<use ./image//bab4/Picture29.png>
Package pdftex.def Info: ./image//bab4/Picture29.png  used on input line 689.
(pdftex.def)             Requested size: 435.32422pt x 131.92757pt.
<./image//bab4/Picture30.png, id=655, 867.97pt x 285.39276pt>
File: ./image//bab4/Picture30.png Graphic file (type png)
<use ./image//bab4/Picture30.png>
Package pdftex.def Info: ./image//bab4/Picture30.png  used on input line 701.
(pdftex.def)             Requested size: 435.32422pt x 143.1402pt.
 [42 <./image//bab4/Picture28.png>]
<./image//bab4/Picture31.png, id=667, 868.7pt x 317.10306pt>
File: ./image//bab4/Picture31.png Graphic file (type png)
<use ./image//bab4/Picture31.png>
Package pdftex.def Info: ./image//bab4/Picture31.png  used on input line 717.
(pdftex.def)             Requested size: 435.32422pt x 158.90434pt.
<./image//bab4/Picture32.png, id=668, 662.11pt x 387.89816pt>
File: ./image//bab4/Picture32.png Graphic file (type png)
<use ./image//bab4/Picture32.png>
Package pdftex.def Info: ./image//bab4/Picture32.png  used on input line 727.
(pdftex.def)             Requested size: 435.32422pt x 255.03696pt.
 [43 <./image//bab4/Picture29.png> <./image//bab4/Picture30.png>]
<./image//bab4/Picture33.png, id=678, 746.79pt x 384.94836pt>
File: ./image//bab4/Picture33.png Graphic file (type png)
<use ./image//bab4/Picture33.png>
Package pdftex.def Info: ./image//bab4/Picture33.png  used on input line 739.
(pdftex.def)             Requested size: 435.32422pt x 224.39798pt.
 [44 <./image//bab4/Picture31.png> <./image//bab4/Picture32.png>]
<./image//bab4/Picture34.png, id=686, 868.7pt x 339.96397pt>
File: ./image//bab4/Picture34.png Graphic file (type png)
<use ./image//bab4/Picture34.png>
Package pdftex.def Info: ./image//bab4/Picture34.png  used on input line 759.
(pdftex.def)             Requested size: 435.32422pt x 170.36024pt.
 [45 <./image//bab4/Picture33.png>]
<./image//bab4/Picture35.png, id=692, 867.97pt x 226.39684pt>
File: ./image//bab4/Picture35.png Graphic file (type png)
<use ./image//bab4/Picture35.png>
Package pdftex.def Info: ./image//bab4/Picture35.png  used on input line 772.
(pdftex.def)             Requested size: 435.32422pt x 113.55049pt.
 [46 <./image//bab4/Picture34.png> <./image//bab4/Picture35.png>] [47]) (chapter_5.tex [48]
Bab 5.
<./image//bab5/Picture1.png, id=737, 863.69736pt x 252.23647pt>
File: ./image//bab5/Picture1.png Graphic file (type png)
<use ./image//bab5/Picture1.png>
Package pdftex.def Info: ./image//bab5/Picture1.png  used on input line 11.
(pdftex.def)             Requested size: 435.32422pt x 127.134pt.
<./image//bab5/Picture2.png, id=738, 863.69736pt x 296.87383pt>
File: ./image//bab5/Picture2.png Graphic file (type png)
<use ./image//bab5/Picture2.png>
Package pdftex.def Info: ./image//bab5/Picture2.png  used on input line 20.
(pdftex.def)             Requested size: 435.32422pt x 149.63243pt.
[49

 <./image//bab5/Picture1.png> <./image//bab5/Picture2.png>] [50]
<./image//bab5/Picture3.png, id=753, 863.69736pt x 235.23177pt>
File: ./image//bab5/Picture3.png Graphic file (type png)
<use ./image//bab5/Picture3.png>
Package pdftex.def Info: ./image//bab5/Picture3.png  used on input line 87.
(pdftex.def)             Requested size: 435.32422pt x 118.56317pt.
<./image//bab5/Picture4.png, id=754, 863.69736pt x 250.11089pt>
File: ./image//bab5/Picture4.png Graphic file (type png)
<use ./image//bab5/Picture4.png>
Package pdftex.def Info: ./image//bab5/Picture4.png  used on input line 106.
(pdftex.def)             Requested size: 435.32422pt x 126.06265pt.
 [51 <./image//bab5/Picture3.png>]
<./image//bab5/Picture5.png, id=763, 386.14853pt x 131.78647pt>
File: ./image//bab5/Picture5.png Graphic file (type png)
<use ./image//bab5/Picture5.png>
Package pdftex.def Info: ./image//bab5/Picture5.png  used on input line 135.
(pdftex.def)             Requested size: 435.32422pt x 148.57712pt.
 [52 <./image//bab5/Picture4.png> <./image//bab5/Picture5.png>]
<./image//bab5/Picture6.png, id=773, 863.69736pt x 266.40706pt>
File: ./image//bab5/Picture6.png Graphic file (type png)
<use ./image//bab5/Picture6.png>
Package pdftex.def Info: ./image//bab5/Picture6.png  used on input line 151.
(pdftex.def)             Requested size: 435.32422pt x 134.27637pt.
<./image//bab5/Picture7.png, id=774, 863.69736pt x 257.19618pt>
File: ./image//bab5/Picture7.png Graphic file (type png)
<use ./image//bab5/Picture7.png>
Package pdftex.def Info: ./image//bab5/Picture7.png  used on input line 184.
(pdftex.def)             Requested size: 435.32422pt x 129.63383pt.
 [53 <./image//bab5/Picture6.png>]
<./image//bab5/Picture8.png, id=783, 863.69736pt x 206.18205pt>
File: ./image//bab5/Picture8.png Graphic file (type png)
<use ./image//bab5/Picture8.png>
Package pdftex.def Info: ./image//bab5/Picture8.png  used on input line 210.
(pdftex.def)             Requested size: 435.32422pt x 103.92133pt.
<./image//bab5/Picture9.png, id=784, 863.69736pt x 231.68912pt>
File: ./image//bab5/Picture9.png Graphic file (type png)
<use ./image//bab5/Picture9.png>
Package pdftex.def Info: ./image//bab5/Picture9.png  used on input line 223.
(pdftex.def)             Requested size: 435.32422pt x 116.77759pt.
 [54 <./image//bab5/Picture7.png> <./image//bab5/Picture8.png>]
<./image//bab5/Picture10.png, id=796, 863.69736pt x 274.20088pt>
File: ./image//bab5/Picture10.png Graphic file (type png)
<use ./image//bab5/Picture10.png>
Package pdftex.def Info: ./image//bab5/Picture10.png  used on input line 234.
(pdftex.def)             Requested size: 435.32422pt x 138.20465pt.
<./image//bab5/Picture11.png, id=797, 567.53206pt x 384.02293pt>
File: ./image//bab5/Picture11.png Graphic file (type png)
<use ./image//bab5/Picture11.png>
Package pdftex.def Info: ./image//bab5/Picture11.png  used on input line 246.
(pdftex.def)             Requested size: 435.32422pt x 294.57936pt.
 [55 <./image//bab5/Picture9.png> <./image//bab5/Picture10.png>]
<./image//bab5/Picture12.png, id=806, 589.49648pt x 384.02293pt>
File: ./image//bab5/Picture12.png Graphic file (type png)
<use ./image//bab5/Picture12.png>
Package pdftex.def Info: ./image//bab5/Picture12.png  used on input line 266.
(pdftex.def)             Requested size: 435.32422pt x 283.59827pt.
<./image//bab5/Picture13.png, id=807, 640.51059pt x 158.71059pt>
File: ./image//bab5/Picture13.png Graphic file (type png)
<use ./image//bab5/Picture13.png>
Package pdftex.def Info: ./image//bab5/Picture13.png  used on input line 280.
(pdftex.def)             Requested size: 435.32422pt x 107.86847pt.
LaTeX Font Info:    Font shape `TS1/ntxtlf/m/it' will be
(Font)              scaled to size 10.0pt on input line 289.
 [56 <./image//bab5/Picture11.png>] [57 <./image//bab5/Picture12.png> <./image//bab5/Picture13.png>]
<./image//bab5/Picture14.png, id=823, 863.69736pt x 184.21765pt>
File: ./image//bab5/Picture14.png Graphic file (type png)
<use ./image//bab5/Picture14.png>
Package pdftex.def Info: ./image//bab5/Picture14.png  used on input line 300.
(pdftex.def)             Requested size: 435.32422pt x 92.85068pt.
<./image//bab5/Picture15.png, id=824, 863.69736pt x 222.47824pt>
File: ./image//bab5/Picture15.png Graphic file (type png)
<use ./image//bab5/Picture15.png>
Package pdftex.def Info: ./image//bab5/Picture15.png  used on input line 315.
(pdftex.def)             Requested size: 435.32422pt x 112.13504pt.
<./image//bab5/Picture16.png, id=825, 856.61206pt x 384.02293pt>
File: ./image//bab5/Picture16.png Graphic file (type png)
<use ./image//bab5/Picture16.png>
Package pdftex.def Info: ./image//bab5/Picture16.png  used on input line 325.
(pdftex.def)             Requested size: 435.32422pt x 195.15765pt.
 [58 <./image//bab5/Picture14.png> <./image//bab5/Picture15.png>]
<./image//bab5/Picture17.png, id=834, 863.69736pt x 137.45471pt>
File: ./image//bab5/Picture17.png Graphic file (type png)
<use ./image//bab5/Picture17.png>
Package pdftex.def Info: ./image//bab5/Picture17.png  used on input line 346.
(pdftex.def)             Requested size: 435.32422pt x 69.28088pt.
 [59 <./image//bab5/Picture16.png> <./image//bab5/Picture17.png>]
<./image//bab5/Picture18.png, id=845, 782.925pt x 384.02293pt>
File: ./image//bab5/Picture18.png Graphic file (type png)
<use ./image//bab5/Picture18.png>
Package pdftex.def Info: ./image//bab5/Picture18.png  used on input line 365.
(pdftex.def)             Requested size: 435.32422pt x 213.52785pt.
<./image//bab5/Picture19.png, id=846, 863.69736pt x 119.74147pt>
File: ./image//bab5/Picture19.png Graphic file (type png)
<use ./image//bab5/Picture19.png>
Package pdftex.def Info: ./image//bab5/Picture19.png  used on input line 375.
(pdftex.def)             Requested size: 435.32422pt x 60.35294pt.
 [60 <./image//bab5/Picture18.png> <./image//bab5/Picture19.png>]
<./image//bab5/Picture20.png, id=856, 807.72353pt x 384.02293pt>
File: ./image//bab5/Picture20.png Graphic file (type png)
<use ./image//bab5/Picture20.png>
Package pdftex.def Info: ./image//bab5/Picture20.png  used on input line 385.
(pdftex.def)             Requested size: 435.32422pt x 206.96497pt.
 [61 <./image//bab5/Picture20.png>] [62]) (chapter_6.tex [63]
Bab 6.
<./image//bab6/Picture1.png, id=893, 868.7pt x 213.12276pt>
File: ./image//bab6/Picture1.png Graphic file (type png)
<use ./image//bab6/Picture1.png>
Package pdftex.def Info: ./image//bab6/Picture1.png  used on input line 15.
(pdftex.def)             Requested size: 435.32422pt x 106.7985pt.
[64

 <./image//bab6/Picture1.png>]
<./image//bab6/Picture3.png, id=901, 867.97pt x 224.1845pt>
File: ./image//bab6/Picture3.png Graphic file (type png)
<use ./image//bab6/Picture3.png>
Package pdftex.def Info: ./image//bab6/Picture3.png  used on input line 33.
(pdftex.def)             Requested size: 435.32422pt x 112.44087pt.
<./image//bab6/Picture4.png, id=902, 851.18pt x 387.89816pt>
File: ./image//bab6/Picture4.png Graphic file (type png)
<use ./image//bab6/Picture4.png>
Package pdftex.def Info: ./image//bab6/Picture4.png  used on input line 46.
(pdftex.def)             Requested size: 435.32422pt x 198.38773pt.
<./image//bab6/Picture5.png, id=903, 867.97pt x 376.09898pt>
File: ./image//bab6/Picture5.png Graphic file (type png)
<use ./image//bab6/Picture5.png>
Package pdftex.def Info: ./image//bab6/Picture5.png  used on input line 56.
(pdftex.def)             Requested size: 435.32422pt x 188.63438pt.
<./image//bab6/Picture6.png, id=905, 588.38pt x 387.89816pt>
File: ./image//bab6/Picture6.png Graphic file (type png)
<use ./image//bab6/Picture6.png>
Package pdftex.def Info: ./image//bab6/Picture6.png  used on input line 73.
(pdftex.def)             Requested size: 435.32422pt x 286.99278pt.
 [65 <./image//bab6/Picture3.png>] [66 <./image//bab6/Picture4.png> <./image//bab6/Picture5.png>]
<./image//bab6/Picture7.png, id=925, 867.97pt x 265.48163pt>
File: ./image//bab6/Picture7.png Graphic file (type png)
<use ./image//bab6/Picture7.png>
Package pdftex.def Info: ./image//bab6/Picture7.png  used on input line 89.
(pdftex.def)             Requested size: 435.32422pt x 133.15367pt.
<./image//bab6/Picture8.png, id=929, 779.64pt x 356.18785pt>
File: ./image//bab6/Picture8.png Graphic file (type png)
<use ./image//bab6/Picture8.png>
Package pdftex.def Info: ./image//bab6/Picture8.png  used on input line 105.
(pdftex.def)             Requested size: 435.32422pt x 198.88228pt.
 [67 <./image//bab6/Picture6.png> <./image//bab6/Picture7.png>]
<./image//bab6/Picture9.png, id=942, 867.97pt x 381.26112pt>
File: ./image//bab6/Picture9.png Graphic file (type png)
<use ./image//bab6/Picture9.png>
Package pdftex.def Info: ./image//bab6/Picture9.png  used on input line 117.
(pdftex.def)             Requested size: 435.32422pt x 191.22348pt.
 [68 <./image//bab6/Picture8.png> <./image//bab6/Picture9.png>]
<./image//bab6/Picture10.png, id=952, 867.97pt x 249.25775pt>
File: ./image//bab6/Picture10.png Graphic file (type png)
<use ./image//bab6/Picture10.png>
Package pdftex.def Info: ./image//bab6/Picture10.png  used on input line 160.
(pdftex.def)             Requested size: 435.32422pt x 125.0165pt.
<./image//bab6/Picture11.png, id=954, 867.97pt x 202.06102pt>
File: ./image//bab6/Picture11.png Graphic file (type png)
<use ./image//bab6/Picture11.png>
Package pdftex.def Info: ./image//bab6/Picture11.png  used on input line 169.
(pdftex.def)             Requested size: 435.32422pt x 101.34474pt.
 [69]
<./image//bab6/Picture12.png, id=963, 868.7pt x 331.1146pt>
File: ./image//bab6/Picture12.png Graphic file (type png)
<use ./image//bab6/Picture12.png>
Package pdftex.def Info: ./image//bab6/Picture12.png  used on input line 183.
(pdftex.def)             Requested size: 435.32422pt x 165.9257pt.
 [70 <./image//bab6/Picture10.png> <./image//bab6/Picture11.png> <./image//bab6/Picture12.png>]
<./image//bab6/Picture13.png, id=974, 867.97pt x 324.47755pt>
File: ./image//bab6/Picture13.png Graphic file (type png)
<use ./image//bab6/Picture13.png>
Package pdftex.def Info: ./image//bab6/Picture13.png  used on input line 199.
(pdftex.def)             Requested size: 435.32422pt x 162.74338pt.
 [71 <./image//bab6/Picture13.png>]
<./image//bab6/Picture14.png, id=984, 867.97pt x 224.1845pt>
File: ./image//bab6/Picture14.png Graphic file (type png)
<use ./image//bab6/Picture14.png>
Package pdftex.def Info: ./image//bab6/Picture14.png  used on input line 237.
(pdftex.def)             Requested size: 435.32422pt x 112.44087pt.
 [72 <./image//bab6/Picture14.png>]
<./image//bab6/Picture15.png, id=996, 708.1pt x 196.16142pt>
File: ./image//bab6/Picture15.png Graphic file (type png)
<use ./image//bab6/Picture15.png>
Package pdftex.def Info: ./image//bab6/Picture15.png  used on input line 276.
(pdftex.def)             Requested size: 435.32422pt x 120.59515pt.
<./image//bab6/Picture16.png, id=998, 867.97pt x 240.40837pt>
File: ./image//bab6/Picture16.png Graphic file (type png)
<use ./image//bab6/Picture16.png>
Package pdftex.def Info: ./image//bab6/Picture16.png  used on input line 292.
(pdftex.def)             Requested size: 435.32422pt x 120.57805pt.
<./image//bab6/Picture17.png, id=1002, 684.01pt x 174.03796pt>
File: ./image//bab6/Picture17.png Graphic file (type png)
<use ./image//bab6/Picture17.png>
Package pdftex.def Info: ./image//bab6/Picture17.png  used on input line 308.
(pdftex.def)             Requested size: 435.32422pt x 110.76248pt.
 [73 <./image//bab6/Picture15.png> <./image//bab6/Picture16.png> <./image//bab6/Picture17.png>]
<./image//bab6/Picture18.png, id=1017, 868.7pt x 248.52031pt>
File: ./image//bab6/Picture18.png Graphic file (type png)
<use ./image//bab6/Picture18.png>
Package pdftex.def Info: ./image//bab6/Picture18.png  used on input line 318.
(pdftex.def)             Requested size: 435.32422pt x 124.53667pt.
<./image//bab6/Picture19.png, id=1019, 694.23pt x 260.31949pt>
File: ./image//bab6/Picture19.png Graphic file (type png)
<use ./image//bab6/Picture19.png>
Package pdftex.def Info: ./image//bab6/Picture19.png  used on input line 332.
(pdftex.def)             Requested size: 435.32422pt x 163.2355pt.
<./image//bab6/Picture20.png, id=1021, 868.7pt x 274.33102pt>
File: ./image//bab6/Picture20.png Graphic file (type png)
<use ./image//bab6/Picture20.png>
Package pdftex.def Info: ./image//bab6/Picture20.png  used on input line 341.
(pdftex.def)             Requested size: 435.32422pt x 137.47073pt.
 [74 <./image//bab6/Picture18.png> <./image//bab6/Picture19.png>]
<./image//bab6/Picture21.png, id=1031, 718.32pt x 260.31949pt>
File: ./image//bab6/Picture21.png Graphic file (type png)
<use ./image//bab6/Picture21.png>
Package pdftex.def Info: ./image//bab6/Picture21.png  used on input line 350.
(pdftex.def)             Requested size: 435.32422pt x 157.76189pt.
<./image//bab6/Picture22.png, id=1033, 748.98pt x 217.54745pt>
File: ./image//bab6/Picture22.png Graphic file (type png)
<use ./image//bab6/Picture22.png>
Package pdftex.def Info: ./image//bab6/Picture22.png  used on input line 360.
(pdftex.def)             Requested size: 435.32422pt x 126.44316pt.
 [75 <./image//bab6/Picture20.png> <./image//bab6/Picture21.png> <./image//bab6/Picture22.png>]
<./image//bab6/Picture23.png, id=1043, 865.78pt x 387.89816pt>
File: ./image//bab6/Picture23.png Graphic file (type png)
<use ./image//bab6/Picture23.png>
Package pdftex.def Info: ./image//bab6/Picture23.png  used on input line 398.
(pdftex.def)             Requested size: 435.32422pt x 195.04358pt.
 [76 <./image//bab6/Picture23.png>]
<./image//bab6/Picture24.png, id=1053, 867.97pt x 353.23807pt>
File: ./image//bab6/Picture24.png Graphic file (type png)
<use ./image//bab6/Picture24.png>
Package pdftex.def Info: ./image//bab6/Picture24.png  used on input line 438.
(pdftex.def)             Requested size: 435.32422pt x 177.16837pt.
 [77 <./image//bab6/Picture24.png>]
<./image//bab6/Picture25.png, id=1062, 601.52pt x 387.89816pt>
File: ./image//bab6/Picture25.png Graphic file (type png)
<use ./image//bab6/Picture25.png>
Package pdftex.def Info: ./image//bab6/Picture25.png  used on input line 447.
(pdftex.def)             Requested size: 435.32422pt x 280.73065pt.
 [78 <./image//bab6/Picture25.png>]
<./image//bab6/Picture26.png, id=1071, 570.86pt x 387.89816pt>
File: ./image//bab6/Picture26.png Graphic file (type png)
<use ./image//bab6/Picture26.png>
Package pdftex.def Info: ./image//bab6/Picture26.png  used on input line 481.
(pdftex.def)             Requested size: 435.32422pt x 295.80594pt.
 [79 <./image//bab6/Picture26.png>]
<./image//bab6/Picture27.png, id=1077, 868.7pt x 342.91377pt>
File: ./image//bab6/Picture27.png Graphic file (type png)
<use ./image//bab6/Picture27.png>
Package pdftex.def Info: ./image//bab6/Picture27.png  used on input line 506.
(pdftex.def)             Requested size: 435.32422pt x 171.83842pt.
 [80 <./image//bab6/Picture27.png>]
<./image//bab6/Picture28.png, id=1086, 638.02pt x 387.89816pt>
File: ./image//bab6/Picture28.png Graphic file (type png)
<use ./image//bab6/Picture28.png>
Package pdftex.def Info: ./image//bab6/Picture28.png  used on input line 529.
(pdftex.def)             Requested size: 435.32422pt x 264.66692pt.
<./image//bab6/Picture29.png, id=1087, 648.24pt x 387.89816pt>
File: ./image//bab6/Picture29.png Graphic file (type png)
<use ./image//bab6/Picture29.png>
Package pdftex.def Info: ./image//bab6/Picture29.png  used on input line 538.
(pdftex.def)             Requested size: 435.32422pt x 260.50005pt.
<./image//bab6/Picture30.png, id=1088, 613.93pt x 387.89816pt>
File: ./image//bab6/Picture30.png Graphic file (type png)
<use ./image//bab6/Picture30.png>
Package pdftex.def Info: ./image//bab6/Picture30.png  used on input line 547.
(pdftex.def)             Requested size: 435.32422pt x 275.05447pt.
 [81 <./image//bab6/Picture28.png>] [82 <./image//bab6/Picture29.png> <./image//bab6/Picture30.png>]
<./image//bab6/Picture31.png, id=1101, 864.32pt x 387.89816pt>
File: ./image//bab6/Picture31.png Graphic file (type png)
<use ./image//bab6/Picture31.png>
Package pdftex.def Info: ./image//bab6/Picture31.png  used on input line 561.
(pdftex.def)             Requested size: 435.32422pt x 195.36911pt.
<./image//bab6/Picture32.png, id=1102, 868.7pt x 296.45448pt>
File: ./image//bab6/Picture32.png Graphic file (type png)
<use ./image//bab6/Picture32.png>
Package pdftex.def Info: ./image//bab6/Picture32.png  used on input line 571.
(pdftex.def)             Requested size: 435.32422pt x 148.55708pt.
<./image//bab6/Picture33.png, id=1103, 867.97pt x 345.86357pt>
File: ./image//bab6/Picture33.png Graphic file (type png)
<use ./image//bab6/Picture33.png>
Package pdftex.def Info: ./image//bab6/Picture33.png  used on input line 582.
(pdftex.def)             Requested size: 435.32422pt x 173.46965pt.
 [83 <./image//bab6/Picture31.png> <./image//bab6/Picture32.png>] [84 <./image//bab6/Picture33.png>] [85]) [86] [87

] (main.aux)
Package rerunfilecheck Info: File `main.out' has not changed.
(rerunfilecheck)             Checksum: 1A786C83071225E544EC88EE2E257EA7;6131.
Package logreq Info: Writing requests to 'main.run.xml'.
\openout1 = `main.run.xml'.

 ) 
Here is how much of TeX's memory you used:
 43800 strings out of 478351
 857934 string characters out of 2846844
 1647400 words of memory out of 3000000
 60989 multiletter control sequences out of 15000+600000
 491871 words of font info for 74 fonts, out of 8000000 for 9000
 1141 hyphenation exceptions out of 8191
 102i,13n,136p,2360b,1682s stack positions out of 10000i,1000n,20000p,200000b,80000s
{C:/Program Files/MiKTeX/fonts/enc/dvips/tex-gyre/q-ts1.enc}{C:/Program Files/MiKTeX/fonts/enc/dvips/newtx/ntx-ot1-tlf.enc}<C:/Program Files/MiKTeX/fonts/type1/public/amsfonts/cm/cmmi10.pfb><C:/Program Files/MiKTeX/fonts/type1/public/amsfonts/cm/cmmi7.pfb><C:/Program Files/MiKTeX/fonts/type1/public/amsfonts/cm/cmr10.pfb><C:/Program Files/MiKTeX/fonts/type1/public/amsfonts/cm/cmr7.pfb><C:/Program Files/MiKTeX/fonts/type1/public/amsfonts/cm/cmsy10.pfb><C:/Program Files/MiKTeX/fonts/type1/public/tex-gyre/qtmr.pfb><C:/Program Files/MiKTeX/fonts/type1/public/tex-gyre/qtmri.pfb><C:/Program Files/MiKTeX/fonts/type1/public/newtx/ztmb.pfb><C:/Program Files/MiKTeX/fonts/type1/public/newtx/ztmr.pfb><C:/Program Files/MiKTeX/fonts/type1/public/newtx/ztmri.pfb>
Output written on main.pdf (89 pages, 5766013 bytes).
PDF statistics:
 1292 PDF objects out of 1440 (max. 8388607)
 413 named destinations out of 1000 (max. 500000)
 883 words of extra memory for PDF output out of 10000 (max. 10000000)

